{"/home/hadan326/TDP013/project/back-end/bin/server.js":{"path":"/home/hadan326/TDP013/project/back-end/bin/server.js","statementMap":{"0":{"start":{"line":7,"column":12},"end":{"line":7,"column":29}},"1":{"start":{"line":8,"column":14},"end":{"line":8,"column":49}},"2":{"start":{"line":9,"column":13},"end":{"line":9,"column":28}},"3":{"start":{"line":16,"column":13},"end":{"line":16,"column":54}},"4":{"start":{"line":17,"column":0},"end":{"line":17,"column":22}},"5":{"start":{"line":23,"column":15},"end":{"line":23,"column":37}},"6":{"start":{"line":25,"column":27},"end":{"line":25,"column":50}},"7":{"start":{"line":26,"column":0},"end":{"line":26,"column":23}},"8":{"start":{"line":32,"column":2},"end":{"line":32,"column":22}},"9":{"start":{"line":33,"column":2},"end":{"line":33,"column":30}},"10":{"start":{"line":34,"column":2},"end":{"line":34,"column":38}},"11":{"start":{"line":42,"column":13},"end":{"line":42,"column":30}},"12":{"start":{"line":44,"column":2},"end":{"line":47,"column":3}},"13":{"start":{"line":46,"column":4},"end":{"line":46,"column":15}},"14":{"start":{"line":49,"column":2},"end":{"line":52,"column":3}},"15":{"start":{"line":51,"column":4},"end":{"line":51,"column":16}},"16":{"start":{"line":54,"column":2},"end":{"line":54,"column":15}},"17":{"start":{"line":62,"column":2},"end":{"line":64,"column":3}},"18":{"start":{"line":63,"column":4},"end":{"line":63,"column":16}},"19":{"start":{"line":66,"column":13},"end":{"line":68,"column":20}},"20":{"start":{"line":71,"column":2},"end":{"line":82,"column":3}},"21":{"start":{"line":73,"column":6},"end":{"line":73,"column":60}},"22":{"start":{"line":74,"column":6},"end":{"line":74,"column":22}},"23":{"start":{"line":75,"column":6},"end":{"line":75,"column":12}},"24":{"start":{"line":77,"column":6},"end":{"line":77,"column":49}},"25":{"start":{"line":78,"column":6},"end":{"line":78,"column":22}},"26":{"start":{"line":79,"column":6},"end":{"line":79,"column":12}},"27":{"start":{"line":81,"column":6},"end":{"line":81,"column":18}},"28":{"start":{"line":90,"column":13},"end":{"line":90,"column":29}},"29":{"start":{"line":91,"column":13},"end":{"line":93,"column":25}},"30":{"start":{"line":94,"column":2},"end":{"line":94,"column":32}},"31":{"start":{"line":98,"column":2},"end":{"line":98,"column":16}},"32":{"start":{"line":101,"column":0},"end":{"line":101,"column":44}}},"fnMap":{"0":{"name":"makeServer","decl":{"start":{"line":31,"column":9},"end":{"line":31,"column":19}},"loc":{"start":{"line":31,"column":22},"end":{"line":35,"column":1}},"line":31},"1":{"name":"normalizePort","decl":{"start":{"line":41,"column":9},"end":{"line":41,"column":22}},"loc":{"start":{"line":41,"column":28},"end":{"line":55,"column":1}},"line":41},"2":{"name":"onError","decl":{"start":{"line":61,"column":9},"end":{"line":61,"column":16}},"loc":{"start":{"line":61,"column":24},"end":{"line":83,"column":1}},"line":61},"3":{"name":"onListening","decl":{"start":{"line":89,"column":9},"end":{"line":89,"column":20}},"loc":{"start":{"line":89,"column":23},"end":{"line":95,"column":1}},"line":89},"4":{"name":"closeServer","decl":{"start":{"line":97,"column":9},"end":{"line":97,"column":20}},"loc":{"start":{"line":97,"column":24},"end":{"line":99,"column":1}},"line":97}},"branchMap":{"0":{"loc":{"start":{"line":16,"column":27},"end":{"line":16,"column":53}},"type":"binary-expr","locations":[{"start":{"line":16,"column":27},"end":{"line":16,"column":43}},{"start":{"line":16,"column":47},"end":{"line":16,"column":53}}],"line":16},"1":{"loc":{"start":{"line":44,"column":2},"end":{"line":47,"column":3}},"type":"if","locations":[{"start":{"line":44,"column":2},"end":{"line":47,"column":3}},{"start":{"line":44,"column":2},"end":{"line":47,"column":3}}],"line":44},"2":{"loc":{"start":{"line":49,"column":2},"end":{"line":52,"column":3}},"type":"if","locations":[{"start":{"line":49,"column":2},"end":{"line":52,"column":3}},{"start":{"line":49,"column":2},"end":{"line":52,"column":3}}],"line":49},"3":{"loc":{"start":{"line":62,"column":2},"end":{"line":64,"column":3}},"type":"if","locations":[{"start":{"line":62,"column":2},"end":{"line":64,"column":3}},{"start":{"line":62,"column":2},"end":{"line":64,"column":3}}],"line":62},"4":{"loc":{"start":{"line":66,"column":13},"end":{"line":68,"column":20}},"type":"cond-expr","locations":[{"start":{"line":67,"column":6},"end":{"line":67,"column":20}},{"start":{"line":68,"column":6},"end":{"line":68,"column":20}}],"line":66},"5":{"loc":{"start":{"line":71,"column":2},"end":{"line":82,"column":3}},"type":"switch","locations":[{"start":{"line":72,"column":4},"end":{"line":75,"column":12}},{"start":{"line":76,"column":4},"end":{"line":79,"column":12}},{"start":{"line":80,"column":4},"end":{"line":81,"column":18}}],"line":71},"6":{"loc":{"start":{"line":91,"column":13},"end":{"line":93,"column":25}},"type":"cond-expr","locations":[{"start":{"line":92,"column":6},"end":{"line":92,"column":20}},{"start":{"line":93,"column":6},"end":{"line":93,"column":25}}],"line":91}},"s":{"0":1,"1":1,"2":1,"3":1,"4":1,"5":1,"6":1,"7":1,"8":1,"9":1,"10":1,"11":1,"12":1,"13":0,"14":1,"15":1,"16":0,"17":0,"18":0,"19":0,"20":0,"21":0,"22":0,"23":0,"24":0,"25":0,"26":0,"27":0,"28":1,"29":1,"30":1,"31":1,"32":1},"f":{"0":1,"1":1,"2":0,"3":1,"4":1},"b":{"0":[1,1],"1":[0,1],"2":[1,0],"3":[0,0],"4":[0,0],"5":[0,0,0],"6":[0,1]},"_coverageSchema":"1a1c01bbd47fc00a2c39e90264f33305004495a9","hash":"e097a77282e89f96b5a12e35c7cdcb8376a3e82b","contentHash":"c77bfbb61473a75a74791bfd259971762f8a8234dcc7ef10ea2edbfe0094f78c"},"/home/hadan326/TDP013/project/back-end/app.js":{"path":"/home/hadan326/TDP013/project/back-end/app.js","statementMap":{"0":{"start":{"line":1,"column":18},"end":{"line":1,"column":40}},"1":{"start":{"line":2,"column":14},"end":{"line":2,"column":32}},"2":{"start":{"line":3,"column":11},"end":{"line":3,"column":26}},"3":{"start":{"line":4,"column":19},"end":{"line":4,"column":43}},"4":{"start":{"line":5,"column":13},"end":{"line":5,"column":30}},"5":{"start":{"line":6,"column":11},"end":{"line":6,"column":26}},"6":{"start":{"line":7,"column":17},"end":{"line":7,"column":37}},"7":{"start":{"line":9,"column":20},"end":{"line":9,"column":45}},"8":{"start":{"line":10,"column":21},"end":{"line":10,"column":48}},"9":{"start":{"line":11,"column":23},"end":{"line":11,"column":52}},"10":{"start":{"line":12,"column":24},"end":{"line":12,"column":54}},"11":{"start":{"line":13,"column":28},"end":{"line":13,"column":62}},"12":{"start":{"line":14,"column":21},"end":{"line":14,"column":47}},"13":{"start":{"line":15,"column":28},"end":{"line":15,"column":63}},"14":{"start":{"line":16,"column":26},"end":{"line":16,"column":58}},"15":{"start":{"line":17,"column":25},"end":{"line":17,"column":57}},"16":{"start":{"line":18,"column":28},"end":{"line":18,"column":62}},"17":{"start":{"line":19,"column":28},"end":{"line":19,"column":62}},"18":{"start":{"line":20,"column":24},"end":{"line":20,"column":54}},"19":{"start":{"line":21,"column":24},"end":{"line":21,"column":54}},"20":{"start":{"line":22,"column":22},"end":{"line":22,"column":56}},"21":{"start":{"line":25,"column":10},"end":{"line":25,"column":19}},"22":{"start":{"line":27,"column":0},"end":{"line":27,"column":20}},"23":{"start":{"line":28,"column":0},"end":{"line":33,"column":4}},"24":{"start":{"line":29,"column":2},"end":{"line":29,"column":49}},"25":{"start":{"line":30,"column":2},"end":{"line":31,"column":26}},"26":{"start":{"line":32,"column":2},"end":{"line":32,"column":9}},"27":{"start":{"line":35,"column":0},"end":{"line":35,"column":16}},"28":{"start":{"line":40,"column":0},"end":{"line":40,"column":48}},"29":{"start":{"line":41,"column":0},"end":{"line":41,"column":31}},"30":{"start":{"line":43,"column":0},"end":{"line":43,"column":23}},"31":{"start":{"line":44,"column":0},"end":{"line":44,"column":24}},"32":{"start":{"line":45,"column":0},"end":{"line":45,"column":48}},"33":{"start":{"line":46,"column":0},"end":{"line":46,"column":24}},"34":{"start":{"line":47,"column":0},"end":{"line":47,"column":56}},"35":{"start":{"line":50,"column":0},"end":{"line":50,"column":31}},"36":{"start":{"line":51,"column":0},"end":{"line":51,"column":33}},"37":{"start":{"line":52,"column":0},"end":{"line":52,"column":37}},"38":{"start":{"line":53,"column":0},"end":{"line":53,"column":39}},"39":{"start":{"line":54,"column":0},"end":{"line":54,"column":47}},"40":{"start":{"line":55,"column":0},"end":{"line":55,"column":33}},"41":{"start":{"line":56,"column":0},"end":{"line":56,"column":48}},"42":{"start":{"line":57,"column":0},"end":{"line":57,"column":43}},"43":{"start":{"line":58,"column":0},"end":{"line":58,"column":42}},"44":{"start":{"line":59,"column":0},"end":{"line":59,"column":47}},"45":{"start":{"line":60,"column":0},"end":{"line":60,"column":47}},"46":{"start":{"line":61,"column":0},"end":{"line":61,"column":39}},"47":{"start":{"line":62,"column":0},"end":{"line":62,"column":39}},"48":{"start":{"line":63,"column":0},"end":{"line":63,"column":41}},"49":{"start":{"line":68,"column":0},"end":{"line":70,"column":3}},"50":{"start":{"line":69,"column":2},"end":{"line":69,"column":25}},"51":{"start":{"line":73,"column":0},"end":{"line":81,"column":3}},"52":{"start":{"line":75,"column":2},"end":{"line":75,"column":35}},"53":{"start":{"line":76,"column":2},"end":{"line":76,"column":69}},"54":{"start":{"line":79,"column":2},"end":{"line":79,"column":32}},"55":{"start":{"line":80,"column":2},"end":{"line":80,"column":22}},"56":{"start":{"line":83,"column":0},"end":{"line":83,"column":21}}},"fnMap":{"0":{"name":"(anonymous_0)","decl":{"start":{"line":28,"column":8},"end":{"line":28,"column":9}},"loc":{"start":{"line":28,"column":28},"end":{"line":33,"column":2}},"line":28},"1":{"name":"(anonymous_1)","decl":{"start":{"line":68,"column":8},"end":{"line":68,"column":9}},"loc":{"start":{"line":68,"column":33},"end":{"line":70,"column":1}},"line":68},"2":{"name":"(anonymous_2)","decl":{"start":{"line":73,"column":8},"end":{"line":73,"column":9}},"loc":{"start":{"line":73,"column":38},"end":{"line":81,"column":1}},"line":73}},"branchMap":{"0":{"loc":{"start":{"line":76,"column":21},"end":{"line":76,"column":68}},"type":"cond-expr","locations":[{"start":{"line":76,"column":60},"end":{"line":76,"column":63}},{"start":{"line":76,"column":66},"end":{"line":76,"column":68}}],"line":76},"1":{"loc":{"start":{"line":79,"column":13},"end":{"line":79,"column":30}},"type":"binary-expr","locations":[{"start":{"line":79,"column":13},"end":{"line":79,"column":23}},{"start":{"line":79,"column":27},"end":{"line":79,"column":30}}],"line":79}},"s":{"0":1,"1":1,"2":1,"3":1,"4":1,"5":1,"6":1,"7":1,"8":1,"9":1,"10":1,"11":1,"12":1,"13":1,"14":1,"15":1,"16":1,"17":1,"18":1,"19":1,"20":1,"21":1,"22":1,"23":1,"24":18,"25":18,"26":18,"27":1,"28":1,"29":1,"30":1,"31":1,"32":1,"33":1,"34":1,"35":1,"36":1,"37":1,"38":1,"39":1,"40":1,"41":1,"42":1,"43":1,"44":1,"45":1,"46":1,"47":1,"48":1,"49":1,"50":0,"51":1,"52":0,"53":0,"54":0,"55":0,"56":1},"f":{"0":18,"1":0,"2":0},"b":{"0":[0,0],"1":[0,0]},"_coverageSchema":"1a1c01bbd47fc00a2c39e90264f33305004495a9","hash":"55c8adf46faeda48d1f3957917b4e81a5cdd9029","contentHash":"76c88dd411e257a5900f288cb51960b51fbab794825d14bfa6d286a306a0bee8"},"/home/hadan326/TDP013/project/back-end/routes/login.js":{"path":"/home/hadan326/TDP013/project/back-end/routes/login.js","statementMap":{"0":{"start":{"line":1,"column":14},"end":{"line":1,"column":32}},"1":{"start":{"line":2,"column":13},"end":{"line":2,"column":29}},"2":{"start":{"line":3,"column":24},"end":{"line":3,"column":42}},"3":{"start":{"line":4,"column":12},"end":{"line":4,"column":40}},"4":{"start":{"line":8,"column":0},"end":{"line":38,"column":3}},"5":{"start":{"line":9,"column":33},"end":{"line":9,"column":41}},"6":{"start":{"line":10,"column":4},"end":{"line":37,"column":5}},"7":{"start":{"line":12,"column":8},"end":{"line":12,"column":49}},"8":{"start":{"line":15,"column":8},"end":{"line":36,"column":11}},"9":{"start":{"line":16,"column":12},"end":{"line":16,"column":38}},"10":{"start":{"line":16,"column":24},"end":{"line":16,"column":36}},"11":{"start":{"line":17,"column":22},"end":{"line":17,"column":45}},"12":{"start":{"line":18,"column":12},"end":{"line":18,"column":85}},"13":{"start":{"line":19,"column":12},"end":{"line":35,"column":15}},"14":{"start":{"line":20,"column":16},"end":{"line":20,"column":41}},"15":{"start":{"line":20,"column":27},"end":{"line":20,"column":39}},"16":{"start":{"line":21,"column":16},"end":{"line":34,"column":17}},"17":{"start":{"line":22,"column":20},"end":{"line":22,"column":72}},"18":{"start":{"line":25,"column":20},"end":{"line":33,"column":23}},"19":{"start":{"line":26,"column":24},"end":{"line":26,"column":45}},"20":{"start":{"line":26,"column":33},"end":{"line":26,"column":43}},"21":{"start":{"line":27,"column":38},"end":{"line":27,"column":119}},"22":{"start":{"line":27,"column":66},"end":{"line":27,"column":118}},"23":{"start":{"line":28,"column":42},"end":{"line":30,"column":109}},"24":{"start":{"line":31,"column":24},"end":{"line":31,"column":58}},"25":{"start":{"line":32,"column":24},"end":{"line":32,"column":41}},"26":{"start":{"line":40,"column":0},"end":{"line":40,"column":24}}},"fnMap":{"0":{"name":"(anonymous_0)","decl":{"start":{"line":8,"column":17},"end":{"line":8,"column":18}},"loc":{"start":{"line":8,"column":36},"end":{"line":38,"column":1}},"line":8},"1":{"name":"(anonymous_1)","decl":{"start":{"line":15,"column":33},"end":{"line":15,"column":34}},"loc":{"start":{"line":15,"column":54},"end":{"line":36,"column":9}},"line":15},"2":{"name":"(anonymous_2)","decl":{"start":{"line":19,"column":143},"end":{"line":19,"column":144}},"loc":{"start":{"line":19,"column":162},"end":{"line":35,"column":13}},"line":19},"3":{"name":"(anonymous_3)","decl":{"start":{"line":25,"column":81},"end":{"line":25,"column":82}},"loc":{"start":{"line":25,"column":95},"end":{"line":33,"column":21}},"line":25},"4":{"name":"(anonymous_4)","decl":{"start":{"line":27,"column":57},"end":{"line":27,"column":58}},"loc":{"start":{"line":27,"column":66},"end":{"line":27,"column":118}},"line":27}},"branchMap":{"0":{"loc":{"start":{"line":10,"column":4},"end":{"line":37,"column":5}},"type":"if","locations":[{"start":{"line":10,"column":4},"end":{"line":37,"column":5}},{"start":{"line":10,"column":4},"end":{"line":37,"column":5}}],"line":10},"1":{"loc":{"start":{"line":10,"column":7},"end":{"line":10,"column":67}},"type":"binary-expr","locations":[{"start":{"line":10,"column":7},"end":{"line":10,"column":35}},{"start":{"line":10,"column":39},"end":{"line":10,"column":67}}],"line":10},"2":{"loc":{"start":{"line":16,"column":12},"end":{"line":16,"column":38}},"type":"if","locations":[{"start":{"line":16,"column":12},"end":{"line":16,"column":38}},{"start":{"line":16,"column":12},"end":{"line":16,"column":38}}],"line":16},"3":{"loc":{"start":{"line":20,"column":16},"end":{"line":20,"column":41}},"type":"if","locations":[{"start":{"line":20,"column":16},"end":{"line":20,"column":41}},{"start":{"line":20,"column":16},"end":{"line":20,"column":41}}],"line":20},"4":{"loc":{"start":{"line":21,"column":16},"end":{"line":34,"column":17}},"type":"if","locations":[{"start":{"line":21,"column":16},"end":{"line":34,"column":17}},{"start":{"line":21,"column":16},"end":{"line":34,"column":17}}],"line":21},"5":{"loc":{"start":{"line":26,"column":24},"end":{"line":26,"column":45}},"type":"if","locations":[{"start":{"line":26,"column":24},"end":{"line":26,"column":45}},{"start":{"line":26,"column":24},"end":{"line":26,"column":45}}],"line":26},"6":{"loc":{"start":{"line":27,"column":66},"end":{"line":27,"column":118}},"type":"cond-expr","locations":[{"start":{"line":27,"column":86},"end":{"line":27,"column":87}},{"start":{"line":27,"column":91},"end":{"line":27,"column":117}}],"line":27},"7":{"loc":{"start":{"line":27,"column":91},"end":{"line":27,"column":117}},"type":"cond-expr","locations":[{"start":{"line":27,"column":111},"end":{"line":27,"column":113}},{"start":{"line":27,"column":116},"end":{"line":27,"column":117}}],"line":27}},"s":{"0":1,"1":1,"2":1,"3":1,"4":1,"5":4,"6":4,"7":0,"8":4,"9":4,"10":0,"11":4,"12":4,"13":4,"14":4,"15":0,"16":4,"17":0,"18":4,"19":4,"20":0,"21":4,"22":10,"23":4,"24":4,"25":4,"26":1},"f":{"0":4,"1":4,"2":4,"3":4,"4":10},"b":{"0":[0,4],"1":[4,4],"2":[0,4],"3":[0,4],"4":[0,4],"5":[0,4],"6":[0,10],"7":[10,0]},"_coverageSchema":"1a1c01bbd47fc00a2c39e90264f33305004495a9","hash":"9358bf75113e5c454f7974535c341631e7b30c9e","contentHash":"93694e11ce06a5665e9020841e876f1d15865e1ded6e6eb9e8f4f99e93a3ab80"},"/home/hadan326/TDP013/project/back-end/routes/sign-up.js":{"path":"/home/hadan326/TDP013/project/back-end/routes/sign-up.js","statementMap":{"0":{"start":{"line":1,"column":14},"end":{"line":1,"column":32}},"1":{"start":{"line":2,"column":13},"end":{"line":2,"column":29}},"2":{"start":{"line":3,"column":24},"end":{"line":3,"column":42}},"3":{"start":{"line":4,"column":12},"end":{"line":4,"column":40}},"4":{"start":{"line":7,"column":0},"end":{"line":44,"column":3}},"5":{"start":{"line":8,"column":61},"end":{"line":8,"column":69}},"6":{"start":{"line":9,"column":4},"end":{"line":43,"column":5}},"7":{"start":{"line":11,"column":8},"end":{"line":11,"column":45}},"8":{"start":{"line":13,"column":9},"end":{"line":43,"column":5}},"9":{"start":{"line":15,"column":12},"end":{"line":15,"column":49}},"10":{"start":{"line":18,"column":8},"end":{"line":42,"column":11}},"11":{"start":{"line":19,"column":12},"end":{"line":19,"column":38}},"12":{"start":{"line":19,"column":24},"end":{"line":19,"column":36}},"13":{"start":{"line":20,"column":22},"end":{"line":20,"column":45}},"14":{"start":{"line":21,"column":12},"end":{"line":41,"column":15}},"15":{"start":{"line":22,"column":16},"end":{"line":22,"column":40}},"16":{"start":{"line":22,"column":27},"end":{"line":22,"column":39}},"17":{"start":{"line":23,"column":16},"end":{"line":40,"column":17}},"18":{"start":{"line":24,"column":20},"end":{"line":24,"column":72}},"19":{"start":{"line":25,"column":20},"end":{"line":25,"column":37}},"20":{"start":{"line":27,"column":20},"end":{"line":27,"column":93}},"21":{"start":{"line":28,"column":20},"end":{"line":39,"column":23}},"22":{"start":{"line":31,"column":42},"end":{"line":32,"column":137}},"23":{"start":{"line":33,"column":24},"end":{"line":33,"column":58}},"24":{"start":{"line":34,"column":24},"end":{"line":34,"column":41}},"25":{"start":{"line":37,"column":24},"end":{"line":37,"column":70}},"26":{"start":{"line":38,"column":24},"end":{"line":38,"column":41}},"27":{"start":{"line":46,"column":0},"end":{"line":46,"column":24}}},"fnMap":{"0":{"name":"(anonymous_0)","decl":{"start":{"line":7,"column":17},"end":{"line":7,"column":18}},"loc":{"start":{"line":7,"column":36},"end":{"line":44,"column":1}},"line":7},"1":{"name":"(anonymous_1)","decl":{"start":{"line":18,"column":33},"end":{"line":18,"column":34}},"loc":{"start":{"line":18,"column":54},"end":{"line":42,"column":9}},"line":18},"2":{"name":"(anonymous_2)","decl":{"start":{"line":21,"column":73},"end":{"line":21,"column":74}},"loc":{"start":{"line":21,"column":92},"end":{"line":41,"column":13}},"line":21},"3":{"name":"(anonymous_3)","decl":{"start":{"line":30,"column":26},"end":{"line":30,"column":27}},"loc":{"start":{"line":30,"column":32},"end":{"line":35,"column":21}},"line":30},"4":{"name":"(anonymous_4)","decl":{"start":{"line":36,"column":27},"end":{"line":36,"column":28}},"loc":{"start":{"line":36,"column":33},"end":{"line":39,"column":21}},"line":36}},"branchMap":{"0":{"loc":{"start":{"line":9,"column":4},"end":{"line":43,"column":5}},"type":"if","locations":[{"start":{"line":9,"column":4},"end":{"line":43,"column":5}},{"start":{"line":9,"column":4},"end":{"line":43,"column":5}}],"line":9},"1":{"loc":{"start":{"line":9,"column":7},"end":{"line":10,"column":125}},"type":"binary-expr","locations":[{"start":{"line":9,"column":7},"end":{"line":9,"column":36}},{"start":{"line":9,"column":40},"end":{"line":9,"column":68}},{"start":{"line":9,"column":72},"end":{"line":9,"column":96}},{"start":{"line":9,"column":100},"end":{"line":9,"column":128}},{"start":{"line":9,"column":132},"end":{"line":9,"column":160}},{"start":{"line":10,"column":11},"end":{"line":10,"column":32}},{"start":{"line":10,"column":36},"end":{"line":10,"column":56}},{"start":{"line":10,"column":60},"end":{"line":10,"column":77}},{"start":{"line":10,"column":81},"end":{"line":10,"column":101}},{"start":{"line":10,"column":105},"end":{"line":10,"column":125}}],"line":9},"2":{"loc":{"start":{"line":13,"column":9},"end":{"line":43,"column":5}},"type":"if","locations":[{"start":{"line":13,"column":9},"end":{"line":43,"column":5}},{"start":{"line":13,"column":9},"end":{"line":43,"column":5}}],"line":13},"3":{"loc":{"start":{"line":13,"column":12},"end":{"line":14,"column":107}},"type":"binary-expr","locations":[{"start":{"line":13,"column":12},"end":{"line":13,"column":49}},{"start":{"line":13,"column":53},"end":{"line":13,"column":89}},{"start":{"line":13,"column":93},"end":{"line":13,"column":140}},{"start":{"line":14,"column":11},"end":{"line":14,"column":76}},{"start":{"line":14,"column":80},"end":{"line":14,"column":107}}],"line":13},"4":{"loc":{"start":{"line":19,"column":12},"end":{"line":19,"column":38}},"type":"if","locations":[{"start":{"line":19,"column":12},"end":{"line":19,"column":38}},{"start":{"line":19,"column":12},"end":{"line":19,"column":38}}],"line":19},"5":{"loc":{"start":{"line":22,"column":16},"end":{"line":22,"column":40}},"type":"if","locations":[{"start":{"line":22,"column":16},"end":{"line":22,"column":40}},{"start":{"line":22,"column":16},"end":{"line":22,"column":40}}],"line":22},"6":{"loc":{"start":{"line":23,"column":16},"end":{"line":40,"column":17}},"type":"if","locations":[{"start":{"line":23,"column":16},"end":{"line":40,"column":17}},{"start":{"line":23,"column":16},"end":{"line":40,"column":17}}],"line":23}},"s":{"0":1,"1":1,"2":1,"3":1,"4":1,"5":3,"6":3,"7":0,"8":3,"9":0,"10":3,"11":3,"12":0,"13":3,"14":3,"15":3,"16":0,"17":3,"18":0,"19":0,"20":3,"21":3,"22":3,"23":3,"24":3,"25":0,"26":0,"27":1},"f":{"0":3,"1":3,"2":3,"3":3,"4":0},"b":{"0":[0,3],"1":[3,3,3,3,3,3,3,3,3,3],"2":[0,3],"3":[3,3,3,3,3],"4":[0,3],"5":[0,3],"6":[0,3]},"_coverageSchema":"1a1c01bbd47fc00a2c39e90264f33305004495a9","hash":"153458bcc252a2761ea1d583c9699618a4cbd11e","contentHash":"e58e109dc81e2bfb9a144142e02a881d5b888b7944980585c0a15aa4ff666ea7"},"/home/hadan326/TDP013/project/back-end/routes/find-user.js":{"path":"/home/hadan326/TDP013/project/back-end/routes/find-user.js","statementMap":{"0":{"start":{"line":1,"column":14},"end":{"line":1,"column":32}},"1":{"start":{"line":2,"column":13},"end":{"line":2,"column":29}},"2":{"start":{"line":3,"column":24},"end":{"line":3,"column":42}},"3":{"start":{"line":4,"column":12},"end":{"line":4,"column":40}},"4":{"start":{"line":7,"column":0},"end":{"line":75,"column":3}},"5":{"start":{"line":8,"column":43},"end":{"line":8,"column":51}},"6":{"start":{"line":9,"column":4},"end":{"line":71,"column":5}},"7":{"start":{"line":11,"column":8},"end":{"line":11,"column":49}},"8":{"start":{"line":14,"column":24},"end":{"line":14,"column":39}},"9":{"start":{"line":15,"column":24},"end":{"line":15,"column":34}},"10":{"start":{"line":16,"column":23},"end":{"line":16,"column":33}},"11":{"start":{"line":18,"column":8},"end":{"line":70,"column":11}},"12":{"start":{"line":19,"column":12},"end":{"line":19,"column":38}},"13":{"start":{"line":19,"column":24},"end":{"line":19,"column":36}},"14":{"start":{"line":20,"column":22},"end":{"line":20,"column":45}},"15":{"start":{"line":21,"column":12},"end":{"line":69,"column":15}},"16":{"start":{"line":22,"column":16},"end":{"line":22,"column":41}},"17":{"start":{"line":22,"column":27},"end":{"line":22,"column":39}},"18":{"start":{"line":23,"column":16},"end":{"line":67,"column":17}},"19":{"start":{"line":24,"column":20},"end":{"line":24,"column":66}},"20":{"start":{"line":25,"column":20},"end":{"line":25,"column":37}},"21":{"start":{"line":26,"column":22},"end":{"line":67,"column":17}},"22":{"start":{"line":27,"column":20},"end":{"line":27,"column":59}},"23":{"start":{"line":28,"column":20},"end":{"line":28,"column":37}},"24":{"start":{"line":29,"column":22},"end":{"line":67,"column":17}},"25":{"start":{"line":30,"column":36},"end":{"line":30,"column":53}},"26":{"start":{"line":31,"column":20},"end":{"line":62,"column":23}},"27":{"start":{"line":32,"column":24},"end":{"line":32,"column":49}},"28":{"start":{"line":32,"column":35},"end":{"line":32,"column":47}},"29":{"start":{"line":33,"column":24},"end":{"line":60,"column":25}},"30":{"start":{"line":34,"column":28},"end":{"line":34,"column":68}},"31":{"start":{"line":35,"column":28},"end":{"line":35,"column":45}},"32":{"start":{"line":37,"column":45},"end":{"line":37,"column":47}},"33":{"start":{"line":38,"column":28},"end":{"line":50,"column":31}},"34":{"start":{"line":39,"column":49},"end":{"line":39,"column":54}},"35":{"start":{"line":40,"column":32},"end":{"line":46,"column":37}},"36":{"start":{"line":40,"column":45},"end":{"line":40,"column":46}},"37":{"start":{"line":41,"column":40},"end":{"line":45,"column":41}},"38":{"start":{"line":43,"column":44},"end":{"line":43,"column":62}},"39":{"start":{"line":44,"column":44},"end":{"line":44,"column":50}},"40":{"start":{"line":47,"column":43},"end":{"line":47,"column":137}},"41":{"start":{"line":48,"column":32},"end":{"line":48,"column":108}},"42":{"start":{"line":48,"column":85},"end":{"line":48,"column":106}},"43":{"start":{"line":51,"column":28},"end":{"line":58,"column":29}},"44":{"start":{"line":52,"column":32},"end":{"line":52,"column":67}},"45":{"start":{"line":53,"column":32},"end":{"line":53,"column":49}},"46":{"start":{"line":56,"column":32},"end":{"line":56,"column":65}},"47":{"start":{"line":57,"column":32},"end":{"line":57,"column":49}},"48":{"start":{"line":65,"column":20},"end":{"line":65,"column":58}},"49":{"start":{"line":66,"column":20},"end":{"line":66,"column":37}},"50":{"start":{"line":77,"column":0},"end":{"line":77,"column":24}}},"fnMap":{"0":{"name":"(anonymous_0)","decl":{"start":{"line":7,"column":17},"end":{"line":7,"column":18}},"loc":{"start":{"line":7,"column":36},"end":{"line":75,"column":1}},"line":7},"1":{"name":"(anonymous_1)","decl":{"start":{"line":18,"column":33},"end":{"line":18,"column":34}},"loc":{"start":{"line":18,"column":54},"end":{"line":70,"column":9}},"line":18},"2":{"name":"(anonymous_2)","decl":{"start":{"line":21,"column":75},"end":{"line":21,"column":76}},"loc":{"start":{"line":21,"column":94},"end":{"line":69,"column":13}},"line":21},"3":{"name":"(anonymous_3)","decl":{"start":{"line":31,"column":139},"end":{"line":31,"column":140}},"loc":{"start":{"line":31,"column":164},"end":{"line":62,"column":21}},"line":31},"4":{"name":"(anonymous_4)","decl":{"start":{"line":38,"column":49},"end":{"line":38,"column":50}},"loc":{"start":{"line":38,"column":62},"end":{"line":50,"column":29}},"line":38}},"branchMap":{"0":{"loc":{"start":{"line":9,"column":4},"end":{"line":71,"column":5}},"type":"if","locations":[{"start":{"line":9,"column":4},"end":{"line":71,"column":5}},{"start":{"line":9,"column":4},"end":{"line":71,"column":5}}],"line":9},"1":{"loc":{"start":{"line":9,"column":7},"end":{"line":9,"column":99}},"type":"binary-expr","locations":[{"start":{"line":9,"column":7},"end":{"line":9,"column":37}},{"start":{"line":9,"column":41},"end":{"line":9,"column":71}},{"start":{"line":9,"column":75},"end":{"line":9,"column":99}}],"line":9},"2":{"loc":{"start":{"line":19,"column":12},"end":{"line":19,"column":38}},"type":"if","locations":[{"start":{"line":19,"column":12},"end":{"line":19,"column":38}},{"start":{"line":19,"column":12},"end":{"line":19,"column":38}}],"line":19},"3":{"loc":{"start":{"line":22,"column":16},"end":{"line":22,"column":41}},"type":"if","locations":[{"start":{"line":22,"column":16},"end":{"line":22,"column":41}},{"start":{"line":22,"column":16},"end":{"line":22,"column":41}}],"line":22},"4":{"loc":{"start":{"line":23,"column":16},"end":{"line":67,"column":17}},"type":"if","locations":[{"start":{"line":23,"column":16},"end":{"line":67,"column":17}},{"start":{"line":23,"column":16},"end":{"line":67,"column":17}}],"line":23},"5":{"loc":{"start":{"line":26,"column":22},"end":{"line":67,"column":17}},"type":"if","locations":[{"start":{"line":26,"column":22},"end":{"line":67,"column":17}},{"start":{"line":26,"column":22},"end":{"line":67,"column":17}}],"line":26},"6":{"loc":{"start":{"line":29,"column":22},"end":{"line":67,"column":17}},"type":"if","locations":[{"start":{"line":29,"column":22},"end":{"line":67,"column":17}},{"start":{"line":29,"column":22},"end":{"line":67,"column":17}}],"line":29},"7":{"loc":{"start":{"line":29,"column":25},"end":{"line":29,"column":91}},"type":"binary-expr","locations":[{"start":{"line":29,"column":25},"end":{"line":29,"column":59}},{"start":{"line":29,"column":63},"end":{"line":29,"column":91}}],"line":29},"8":{"loc":{"start":{"line":32,"column":24},"end":{"line":32,"column":49}},"type":"if","locations":[{"start":{"line":32,"column":24},"end":{"line":32,"column":49}},{"start":{"line":32,"column":24},"end":{"line":32,"column":49}}],"line":32},"9":{"loc":{"start":{"line":33,"column":24},"end":{"line":60,"column":25}},"type":"if","locations":[{"start":{"line":33,"column":24},"end":{"line":60,"column":25}},{"start":{"line":33,"column":24},"end":{"line":60,"column":25}}],"line":33},"10":{"loc":{"start":{"line":41,"column":40},"end":{"line":45,"column":41}},"type":"if","locations":[{"start":{"line":41,"column":40},"end":{"line":45,"column":41}},{"start":{"line":41,"column":40},"end":{"line":45,"column":41}}],"line":41},"11":{"loc":{"start":{"line":48,"column":32},"end":{"line":48,"column":108}},"type":"if","locations":[{"start":{"line":48,"column":32},"end":{"line":48,"column":108}},{"start":{"line":48,"column":32},"end":{"line":48,"column":108}}],"line":48},"12":{"loc":{"start":{"line":48,"column":35},"end":{"line":48,"column":80}},"type":"binary-expr","locations":[{"start":{"line":48,"column":35},"end":{"line":48,"column":46}},{"start":{"line":48,"column":50},"end":{"line":48,"column":80}}],"line":48},"13":{"loc":{"start":{"line":51,"column":28},"end":{"line":58,"column":29}},"type":"if","locations":[{"start":{"line":51,"column":28},"end":{"line":58,"column":29}},{"start":{"line":51,"column":28},"end":{"line":58,"column":29}}],"line":51}},"s":{"0":1,"1":1,"2":1,"3":1,"4":1,"5":1,"6":1,"7":0,"8":1,"9":1,"10":1,"11":1,"12":1,"13":0,"14":1,"15":1,"16":1,"17":0,"18":1,"19":0,"20":0,"21":1,"22":0,"23":0,"24":1,"25":1,"26":1,"27":1,"28":0,"29":1,"30":0,"31":0,"32":1,"33":1,"34":1,"35":1,"36":1,"37":0,"38":0,"39":0,"40":1,"41":1,"42":1,"43":1,"44":0,"45":0,"46":1,"47":1,"48":0,"49":0,"50":1},"f":{"0":1,"1":1,"2":1,"3":1,"4":1},"b":{"0":[0,1],"1":[1,1,1],"2":[0,1],"3":[0,1],"4":[0,1],"5":[0,1],"6":[1,0],"7":[1,1],"8":[0,1],"9":[0,1],"10":[0,0],"11":[1,0],"12":[1,1],"13":[0,1]},"_coverageSchema":"1a1c01bbd47fc00a2c39e90264f33305004495a9","hash":"b6b4d14845aa1aa6f7ea67f7b8c6d3632f42681a","contentHash":"0e9d56c91da1ae1f163c6e6332a821d8e826034b6a1f3256710437e3578b49ef"},"/home/hadan326/TDP013/project/back-end/routes/write-post.js":{"path":"/home/hadan326/TDP013/project/back-end/routes/write-post.js","statementMap":{"0":{"start":{"line":1,"column":14},"end":{"line":1,"column":32}},"1":{"start":{"line":2,"column":13},"end":{"line":2,"column":29}},"2":{"start":{"line":3,"column":24},"end":{"line":3,"column":42}},"3":{"start":{"line":4,"column":12},"end":{"line":4,"column":40}},"4":{"start":{"line":7,"column":0},"end":{"line":61,"column":3}},"5":{"start":{"line":8,"column":58},"end":{"line":8,"column":66}},"6":{"start":{"line":9,"column":2},"end":{"line":60,"column":3}},"7":{"start":{"line":11,"column":4},"end":{"line":11,"column":45}},"8":{"start":{"line":14,"column":4},"end":{"line":59,"column":7}},"9":{"start":{"line":15,"column":8},"end":{"line":15,"column":34}},"10":{"start":{"line":15,"column":20},"end":{"line":15,"column":32}},"11":{"start":{"line":16,"column":18},"end":{"line":16,"column":41}},"12":{"start":{"line":17,"column":8},"end":{"line":58,"column":11}},"13":{"start":{"line":18,"column":12},"end":{"line":18,"column":33}},"14":{"start":{"line":18,"column":21},"end":{"line":18,"column":31}},"15":{"start":{"line":19,"column":12},"end":{"line":57,"column":13}},"16":{"start":{"line":20,"column":16},"end":{"line":20,"column":50}},"17":{"start":{"line":21,"column":16},"end":{"line":21,"column":33}},"18":{"start":{"line":23,"column":17},"end":{"line":57,"column":13}},"19":{"start":{"line":24,"column":16},"end":{"line":24,"column":63}},"20":{"start":{"line":25,"column":16},"end":{"line":25,"column":33}},"21":{"start":{"line":27,"column":17},"end":{"line":57,"column":13}},"22":{"start":{"line":28,"column":33},"end":{"line":28,"column":38}},"23":{"start":{"line":29,"column":16},"end":{"line":35,"column":17}},"24":{"start":{"line":29,"column":29},"end":{"line":29,"column":30}},"25":{"start":{"line":30,"column":20},"end":{"line":34,"column":21}},"26":{"start":{"line":32,"column":24},"end":{"line":32,"column":42}},"27":{"start":{"line":33,"column":24},"end":{"line":33,"column":30}},"28":{"start":{"line":36,"column":16},"end":{"line":52,"column":17}},"29":{"start":{"line":37,"column":20},"end":{"line":37,"column":60}},"30":{"start":{"line":38,"column":20},"end":{"line":38,"column":37}},"31":{"start":{"line":41,"column":33},"end":{"line":41,"column":175}},"32":{"start":{"line":42,"column":20},"end":{"line":51,"column":23}},"33":{"start":{"line":44,"column":24},"end":{"line":49,"column":25}},"34":{"start":{"line":45,"column":28},"end":{"line":45,"column":67}},"35":{"start":{"line":48,"column":28},"end":{"line":48,"column":55}},"36":{"start":{"line":50,"column":24},"end":{"line":50,"column":41}},"37":{"start":{"line":55,"column":16},"end":{"line":55,"column":54}},"38":{"start":{"line":56,"column":16},"end":{"line":56,"column":33}},"39":{"start":{"line":62,"column":0},"end":{"line":62,"column":24}}},"fnMap":{"0":{"name":"(anonymous_0)","decl":{"start":{"line":7,"column":17},"end":{"line":7,"column":18}},"loc":{"start":{"line":7,"column":42},"end":{"line":61,"column":1}},"line":7},"1":{"name":"(anonymous_1)","decl":{"start":{"line":14,"column":29},"end":{"line":14,"column":30}},"loc":{"start":{"line":14,"column":50},"end":{"line":59,"column":5}},"line":14},"2":{"name":"(anonymous_2)","decl":{"start":{"line":17,"column":71},"end":{"line":17,"column":72}},"loc":{"start":{"line":17,"column":88},"end":{"line":58,"column":9}},"line":17},"3":{"name":"(anonymous_3)","decl":{"start":{"line":43,"column":26},"end":{"line":43,"column":27}},"loc":{"start":{"line":43,"column":36},"end":{"line":51,"column":21}},"line":43}},"branchMap":{"0":{"loc":{"start":{"line":9,"column":2},"end":{"line":60,"column":3}},"type":"if","locations":[{"start":{"line":9,"column":2},"end":{"line":60,"column":3}},{"start":{"line":9,"column":2},"end":{"line":60,"column":3}}],"line":9},"1":{"loc":{"start":{"line":9,"column":5},"end":{"line":9,"column":136}},"type":"binary-expr","locations":[{"start":{"line":9,"column":5},"end":{"line":9,"column":35}},{"start":{"line":9,"column":39},"end":{"line":9,"column":69}},{"start":{"line":9,"column":73},"end":{"line":9,"column":105}},{"start":{"line":9,"column":109},"end":{"line":9,"column":136}}],"line":9},"2":{"loc":{"start":{"line":15,"column":8},"end":{"line":15,"column":34}},"type":"if","locations":[{"start":{"line":15,"column":8},"end":{"line":15,"column":34}},{"start":{"line":15,"column":8},"end":{"line":15,"column":34}}],"line":15},"3":{"loc":{"start":{"line":18,"column":12},"end":{"line":18,"column":33}},"type":"if","locations":[{"start":{"line":18,"column":12},"end":{"line":18,"column":33}},{"start":{"line":18,"column":12},"end":{"line":18,"column":33}}],"line":18},"4":{"loc":{"start":{"line":19,"column":12},"end":{"line":57,"column":13}},"type":"if","locations":[{"start":{"line":19,"column":12},"end":{"line":57,"column":13}},{"start":{"line":19,"column":12},"end":{"line":57,"column":13}}],"line":19},"5":{"loc":{"start":{"line":23,"column":17},"end":{"line":57,"column":13}},"type":"if","locations":[{"start":{"line":23,"column":17},"end":{"line":57,"column":13}},{"start":{"line":23,"column":17},"end":{"line":57,"column":13}}],"line":23},"6":{"loc":{"start":{"line":27,"column":17},"end":{"line":57,"column":13}},"type":"if","locations":[{"start":{"line":27,"column":17},"end":{"line":57,"column":13}},{"start":{"line":27,"column":17},"end":{"line":57,"column":13}}],"line":27},"7":{"loc":{"start":{"line":27,"column":20},"end":{"line":27,"column":96}},"type":"binary-expr","locations":[{"start":{"line":27,"column":20},"end":{"line":27,"column":64}},{"start":{"line":27,"column":68},"end":{"line":27,"column":96}}],"line":27},"8":{"loc":{"start":{"line":30,"column":20},"end":{"line":34,"column":21}},"type":"if","locations":[{"start":{"line":30,"column":20},"end":{"line":34,"column":21}},{"start":{"line":30,"column":20},"end":{"line":34,"column":21}}],"line":30},"9":{"loc":{"start":{"line":36,"column":16},"end":{"line":52,"column":17}},"type":"if","locations":[{"start":{"line":36,"column":16},"end":{"line":52,"column":17}},{"start":{"line":36,"column":16},"end":{"line":52,"column":17}}],"line":36},"10":{"loc":{"start":{"line":36,"column":19},"end":{"line":36,"column":68}},"type":"binary-expr","locations":[{"start":{"line":36,"column":19},"end":{"line":36,"column":30}},{"start":{"line":36,"column":34},"end":{"line":36,"column":68}}],"line":36},"11":{"loc":{"start":{"line":44,"column":24},"end":{"line":49,"column":25}},"type":"if","locations":[{"start":{"line":44,"column":24},"end":{"line":49,"column":25}},{"start":{"line":44,"column":24},"end":{"line":49,"column":25}}],"line":44}},"s":{"0":1,"1":1,"2":1,"3":1,"4":1,"5":0,"6":0,"7":0,"8":0,"9":0,"10":0,"11":0,"12":0,"13":0,"14":0,"15":0,"16":0,"17":0,"18":0,"19":0,"20":0,"21":0,"22":0,"23":0,"24":0,"25":0,"26":0,"27":0,"28":0,"29":0,"30":0,"31":0,"32":0,"33":0,"34":0,"35":0,"36":0,"37":0,"38":0,"39":1},"f":{"0":0,"1":0,"2":0,"3":0},"b":{"0":[0,0],"1":[0,0,0,0],"2":[0,0],"3":[0,0],"4":[0,0],"5":[0,0],"6":[0,0],"7":[0,0],"8":[0,0],"9":[0,0],"10":[0,0],"11":[0,0]},"_coverageSchema":"1a1c01bbd47fc00a2c39e90264f33305004495a9","hash":"b521a6fc0329df57cc9d503a1267417a1422a687","contentHash":"9d9c66208a4ea52b96e7640e4857069c3f842558a338234f6a5273df2a09eda8"},"/home/hadan326/TDP013/project/back-end/routes/friend-profile.js":{"path":"/home/hadan326/TDP013/project/back-end/routes/friend-profile.js","statementMap":{"0":{"start":{"line":1,"column":14},"end":{"line":1,"column":32}},"1":{"start":{"line":2,"column":13},"end":{"line":2,"column":29}},"2":{"start":{"line":3,"column":24},"end":{"line":3,"column":42}},"3":{"start":{"line":4,"column":12},"end":{"line":4,"column":40}},"4":{"start":{"line":8,"column":0},"end":{"line":67,"column":3}},"5":{"start":{"line":9,"column":53},"end":{"line":9,"column":61}},"6":{"start":{"line":10,"column":4},"end":{"line":66,"column":5}},"7":{"start":{"line":12,"column":8},"end":{"line":12,"column":49}},"8":{"start":{"line":15,"column":8},"end":{"line":65,"column":11}},"9":{"start":{"line":16,"column":12},"end":{"line":16,"column":38}},"10":{"start":{"line":16,"column":24},"end":{"line":16,"column":36}},"11":{"start":{"line":17,"column":22},"end":{"line":17,"column":45}},"12":{"start":{"line":18,"column":12},"end":{"line":63,"column":15}},"13":{"start":{"line":19,"column":16},"end":{"line":19,"column":37}},"14":{"start":{"line":19,"column":25},"end":{"line":19,"column":35}},"15":{"start":{"line":20,"column":16},"end":{"line":61,"column":17}},"16":{"start":{"line":21,"column":20},"end":{"line":21,"column":60}},"17":{"start":{"line":22,"column":20},"end":{"line":22,"column":37}},"18":{"start":{"line":24,"column":21},"end":{"line":61,"column":17}},"19":{"start":{"line":26,"column":20},"end":{"line":26,"column":67}},"20":{"start":{"line":27,"column":20},"end":{"line":27,"column":37}},"21":{"start":{"line":29,"column":21},"end":{"line":61,"column":17}},"22":{"start":{"line":30,"column":37},"end":{"line":30,"column":42}},"23":{"start":{"line":31,"column":20},"end":{"line":37,"column":21}},"24":{"start":{"line":31,"column":33},"end":{"line":31,"column":34}},"25":{"start":{"line":32,"column":24},"end":{"line":36,"column":25}},"26":{"start":{"line":34,"column":28},"end":{"line":34,"column":46}},"27":{"start":{"line":35,"column":28},"end":{"line":35,"column":34}},"28":{"start":{"line":38,"column":20},"end":{"line":56,"column":21}},"29":{"start":{"line":40,"column":24},"end":{"line":40,"column":66}},"30":{"start":{"line":41,"column":24},"end":{"line":41,"column":41}},"31":{"start":{"line":44,"column":24},"end":{"line":55,"column":27}},"32":{"start":{"line":45,"column":28},"end":{"line":45,"column":53}},"33":{"start":{"line":45,"column":39},"end":{"line":45,"column":51}},"34":{"start":{"line":46,"column":28},"end":{"line":54,"column":29}},"35":{"start":{"line":47,"column":32},"end":{"line":47,"column":74}},"36":{"start":{"line":48,"column":32},"end":{"line":48,"column":49}},"37":{"start":{"line":50,"column":52},"end":{"line":50,"column":133}},"38":{"start":{"line":50,"column":80},"end":{"line":50,"column":132}},"39":{"start":{"line":51,"column":54},"end":{"line":51,"column":166}},"40":{"start":{"line":52,"column":32},"end":{"line":52,"column":68}},"41":{"start":{"line":53,"column":32},"end":{"line":53,"column":49}},"42":{"start":{"line":59,"column":20},"end":{"line":59,"column":58}},"43":{"start":{"line":60,"column":20},"end":{"line":60,"column":37}},"44":{"start":{"line":69,"column":0},"end":{"line":69,"column":24}}},"fnMap":{"0":{"name":"(anonymous_0)","decl":{"start":{"line":8,"column":17},"end":{"line":8,"column":18}},"loc":{"start":{"line":8,"column":36},"end":{"line":67,"column":1}},"line":8},"1":{"name":"(anonymous_1)","decl":{"start":{"line":15,"column":33},"end":{"line":15,"column":34}},"loc":{"start":{"line":15,"column":54},"end":{"line":65,"column":9}},"line":15},"2":{"name":"(anonymous_2)","decl":{"start":{"line":18,"column":75},"end":{"line":18,"column":76}},"loc":{"start":{"line":18,"column":92},"end":{"line":63,"column":13}},"line":18},"3":{"name":"(anonymous_3)","decl":{"start":{"line":44,"column":91},"end":{"line":44,"column":92}},"loc":{"start":{"line":44,"column":108},"end":{"line":55,"column":25}},"line":44},"4":{"name":"(anonymous_4)","decl":{"start":{"line":50,"column":71},"end":{"line":50,"column":72}},"loc":{"start":{"line":50,"column":80},"end":{"line":50,"column":132}},"line":50}},"branchMap":{"0":{"loc":{"start":{"line":10,"column":4},"end":{"line":66,"column":5}},"type":"if","locations":[{"start":{"line":10,"column":4},"end":{"line":66,"column":5}},{"start":{"line":10,"column":4},"end":{"line":66,"column":5}}],"line":10},"1":{"loc":{"start":{"line":10,"column":7},"end":{"line":10,"column":113}},"type":"binary-expr","locations":[{"start":{"line":10,"column":7},"end":{"line":10,"column":41}},{"start":{"line":10,"column":45},"end":{"line":10,"column":75}},{"start":{"line":10,"column":79},"end":{"line":10,"column":113}}],"line":10},"2":{"loc":{"start":{"line":16,"column":12},"end":{"line":16,"column":38}},"type":"if","locations":[{"start":{"line":16,"column":12},"end":{"line":16,"column":38}},{"start":{"line":16,"column":12},"end":{"line":16,"column":38}}],"line":16},"3":{"loc":{"start":{"line":19,"column":16},"end":{"line":19,"column":37}},"type":"if","locations":[{"start":{"line":19,"column":16},"end":{"line":19,"column":37}},{"start":{"line":19,"column":16},"end":{"line":19,"column":37}}],"line":19},"4":{"loc":{"start":{"line":20,"column":16},"end":{"line":61,"column":17}},"type":"if","locations":[{"start":{"line":20,"column":16},"end":{"line":61,"column":17}},{"start":{"line":20,"column":16},"end":{"line":61,"column":17}}],"line":20},"5":{"loc":{"start":{"line":24,"column":21},"end":{"line":61,"column":17}},"type":"if","locations":[{"start":{"line":24,"column":21},"end":{"line":61,"column":17}},{"start":{"line":24,"column":21},"end":{"line":61,"column":17}}],"line":24},"6":{"loc":{"start":{"line":29,"column":21},"end":{"line":61,"column":17}},"type":"if","locations":[{"start":{"line":29,"column":21},"end":{"line":61,"column":17}},{"start":{"line":29,"column":21},"end":{"line":61,"column":17}}],"line":29},"7":{"loc":{"start":{"line":29,"column":24},"end":{"line":29,"column":90}},"type":"binary-expr","locations":[{"start":{"line":29,"column":24},"end":{"line":29,"column":58}},{"start":{"line":29,"column":62},"end":{"line":29,"column":90}}],"line":29},"8":{"loc":{"start":{"line":32,"column":24},"end":{"line":36,"column":25}},"type":"if","locations":[{"start":{"line":32,"column":24},"end":{"line":36,"column":25}},{"start":{"line":32,"column":24},"end":{"line":36,"column":25}}],"line":32},"9":{"loc":{"start":{"line":38,"column":20},"end":{"line":56,"column":21}},"type":"if","locations":[{"start":{"line":38,"column":20},"end":{"line":56,"column":21}},{"start":{"line":38,"column":20},"end":{"line":56,"column":21}}],"line":38},"10":{"loc":{"start":{"line":45,"column":28},"end":{"line":45,"column":53}},"type":"if","locations":[{"start":{"line":45,"column":28},"end":{"line":45,"column":53}},{"start":{"line":45,"column":28},"end":{"line":45,"column":53}}],"line":45},"11":{"loc":{"start":{"line":46,"column":28},"end":{"line":54,"column":29}},"type":"if","locations":[{"start":{"line":46,"column":28},"end":{"line":54,"column":29}},{"start":{"line":46,"column":28},"end":{"line":54,"column":29}}],"line":46},"12":{"loc":{"start":{"line":50,"column":80},"end":{"line":50,"column":132}},"type":"cond-expr","locations":[{"start":{"line":50,"column":100},"end":{"line":50,"column":101}},{"start":{"line":50,"column":105},"end":{"line":50,"column":131}}],"line":50},"13":{"loc":{"start":{"line":50,"column":105},"end":{"line":50,"column":131}},"type":"cond-expr","locations":[{"start":{"line":50,"column":125},"end":{"line":50,"column":127}},{"start":{"line":50,"column":130},"end":{"line":50,"column":131}}],"line":50}},"s":{"0":1,"1":1,"2":1,"3":1,"4":1,"5":1,"6":1,"7":0,"8":1,"9":1,"10":0,"11":1,"12":1,"13":1,"14":0,"15":1,"16":0,"17":0,"18":1,"19":0,"20":0,"21":1,"22":1,"23":1,"24":1,"25":1,"26":1,"27":1,"28":1,"29":0,"30":0,"31":1,"32":1,"33":0,"34":1,"35":0,"36":0,"37":1,"38":2,"39":1,"40":1,"41":1,"42":0,"43":0,"44":1},"f":{"0":1,"1":1,"2":1,"3":1,"4":2},"b":{"0":[0,1],"1":[1,1,1],"2":[0,1],"3":[0,1],"4":[0,1],"5":[0,1],"6":[1,0],"7":[1,1],"8":[1,0],"9":[0,1],"10":[0,1],"11":[0,1],"12":[0,2],"13":[2,0]},"_coverageSchema":"1a1c01bbd47fc00a2c39e90264f33305004495a9","hash":"310325e896570c90bb97d73ae76b7e77044c8d5f","contentHash":"269178fc603b370a012f92e0ec40886628026e275f5f2bb9645c130f4e67abea"},"/home/hadan326/TDP013/project/back-end/routes/logout.js":{"path":"/home/hadan326/TDP013/project/back-end/routes/logout.js","statementMap":{"0":{"start":{"line":1,"column":14},"end":{"line":1,"column":32}},"1":{"start":{"line":2,"column":13},"end":{"line":2,"column":29}},"2":{"start":{"line":3,"column":24},"end":{"line":3,"column":42}},"3":{"start":{"line":4,"column":12},"end":{"line":4,"column":40}},"4":{"start":{"line":8,"column":0},"end":{"line":49,"column":3}},"5":{"start":{"line":9,"column":38},"end":{"line":9,"column":46}},"6":{"start":{"line":10,"column":4},"end":{"line":48,"column":5}},"7":{"start":{"line":12,"column":8},"end":{"line":12,"column":49}},"8":{"start":{"line":15,"column":8},"end":{"line":47,"column":11}},"9":{"start":{"line":16,"column":12},"end":{"line":16,"column":38}},"10":{"start":{"line":16,"column":24},"end":{"line":16,"column":36}},"11":{"start":{"line":17,"column":22},"end":{"line":17,"column":45}},"12":{"start":{"line":18,"column":12},"end":{"line":45,"column":15}},"13":{"start":{"line":19,"column":16},"end":{"line":19,"column":36}},"14":{"start":{"line":19,"column":25},"end":{"line":19,"column":35}},"15":{"start":{"line":20,"column":16},"end":{"line":43,"column":17}},"16":{"start":{"line":21,"column":20},"end":{"line":21,"column":60}},"17":{"start":{"line":22,"column":20},"end":{"line":22,"column":37}},"18":{"start":{"line":24,"column":21},"end":{"line":43,"column":17}},"19":{"start":{"line":25,"column":20},"end":{"line":25,"column":67}},"20":{"start":{"line":26,"column":20},"end":{"line":26,"column":37}},"21":{"start":{"line":28,"column":21},"end":{"line":43,"column":17}},"22":{"start":{"line":29,"column":20},"end":{"line":38,"column":23}},"23":{"start":{"line":30,"column":24},"end":{"line":30,"column":49}},"24":{"start":{"line":30,"column":35},"end":{"line":30,"column":47}},"25":{"start":{"line":31,"column":24},"end":{"line":36,"column":25}},"26":{"start":{"line":32,"column":28},"end":{"line":32,"column":63}},"27":{"start":{"line":34,"column":28},"end":{"line":34,"column":55}},"28":{"start":{"line":37,"column":24},"end":{"line":37,"column":41}},"29":{"start":{"line":41,"column":20},"end":{"line":41,"column":58}},"30":{"start":{"line":42,"column":20},"end":{"line":42,"column":37}},"31":{"start":{"line":51,"column":0},"end":{"line":51,"column":24}}},"fnMap":{"0":{"name":"(anonymous_0)","decl":{"start":{"line":8,"column":17},"end":{"line":8,"column":18}},"loc":{"start":{"line":8,"column":36},"end":{"line":49,"column":1}},"line":8},"1":{"name":"(anonymous_1)","decl":{"start":{"line":15,"column":33},"end":{"line":15,"column":34}},"loc":{"start":{"line":15,"column":54},"end":{"line":47,"column":9}},"line":15},"2":{"name":"(anonymous_2)","decl":{"start":{"line":18,"column":75},"end":{"line":18,"column":76}},"loc":{"start":{"line":18,"column":92},"end":{"line":45,"column":13}},"line":18},"3":{"name":"(anonymous_3)","decl":{"start":{"line":29,"column":111},"end":{"line":29,"column":112}},"loc":{"start":{"line":29,"column":128},"end":{"line":38,"column":21}},"line":29}},"branchMap":{"0":{"loc":{"start":{"line":10,"column":4},"end":{"line":48,"column":5}},"type":"if","locations":[{"start":{"line":10,"column":4},"end":{"line":48,"column":5}},{"start":{"line":10,"column":4},"end":{"line":48,"column":5}}],"line":10},"1":{"loc":{"start":{"line":10,"column":7},"end":{"line":10,"column":71}},"type":"binary-expr","locations":[{"start":{"line":10,"column":7},"end":{"line":10,"column":37}},{"start":{"line":10,"column":41},"end":{"line":10,"column":71}}],"line":10},"2":{"loc":{"start":{"line":16,"column":12},"end":{"line":16,"column":38}},"type":"if","locations":[{"start":{"line":16,"column":12},"end":{"line":16,"column":38}},{"start":{"line":16,"column":12},"end":{"line":16,"column":38}}],"line":16},"3":{"loc":{"start":{"line":19,"column":16},"end":{"line":19,"column":36}},"type":"if","locations":[{"start":{"line":19,"column":16},"end":{"line":19,"column":36}},{"start":{"line":19,"column":16},"end":{"line":19,"column":36}}],"line":19},"4":{"loc":{"start":{"line":20,"column":16},"end":{"line":43,"column":17}},"type":"if","locations":[{"start":{"line":20,"column":16},"end":{"line":43,"column":17}},{"start":{"line":20,"column":16},"end":{"line":43,"column":17}}],"line":20},"5":{"loc":{"start":{"line":24,"column":21},"end":{"line":43,"column":17}},"type":"if","locations":[{"start":{"line":24,"column":21},"end":{"line":43,"column":17}},{"start":{"line":24,"column":21},"end":{"line":43,"column":17}}],"line":24},"6":{"loc":{"start":{"line":28,"column":21},"end":{"line":43,"column":17}},"type":"if","locations":[{"start":{"line":28,"column":21},"end":{"line":43,"column":17}},{"start":{"line":28,"column":21},"end":{"line":43,"column":17}}],"line":28},"7":{"loc":{"start":{"line":28,"column":24},"end":{"line":28,"column":90}},"type":"binary-expr","locations":[{"start":{"line":28,"column":24},"end":{"line":28,"column":58}},{"start":{"line":28,"column":62},"end":{"line":28,"column":90}}],"line":28},"8":{"loc":{"start":{"line":30,"column":24},"end":{"line":30,"column":49}},"type":"if","locations":[{"start":{"line":30,"column":24},"end":{"line":30,"column":49}},{"start":{"line":30,"column":24},"end":{"line":30,"column":49}}],"line":30},"9":{"loc":{"start":{"line":31,"column":24},"end":{"line":36,"column":25}},"type":"if","locations":[{"start":{"line":31,"column":24},"end":{"line":36,"column":25}},{"start":{"line":31,"column":24},"end":{"line":36,"column":25}}],"line":31}},"s":{"0":1,"1":1,"2":1,"3":1,"4":1,"5":2,"6":2,"7":0,"8":2,"9":2,"10":0,"11":2,"12":2,"13":2,"14":0,"15":2,"16":0,"17":0,"18":2,"19":0,"20":0,"21":2,"22":2,"23":2,"24":0,"25":2,"26":0,"27":2,"28":2,"29":0,"30":0,"31":1},"f":{"0":2,"1":2,"2":2,"3":2},"b":{"0":[0,2],"1":[2,2],"2":[0,2],"3":[0,2],"4":[0,2],"5":[0,2],"6":[2,0],"7":[2,2],"8":[0,2],"9":[0,2]},"_coverageSchema":"1a1c01bbd47fc00a2c39e90264f33305004495a9","hash":"8c8d4f5cbc71f1aa1a758019ea33253d5ba81fb8","contentHash":"9c0a8642b1af4bf3fa9dcb6b60de421d1a8f6a3f20acb863b39a36abccd12eef"},"/home/hadan326/TDP013/project/back-end/routes/friend-requests.js":{"path":"/home/hadan326/TDP013/project/back-end/routes/friend-requests.js","statementMap":{"0":{"start":{"line":1,"column":14},"end":{"line":1,"column":32}},"1":{"start":{"line":2,"column":13},"end":{"line":2,"column":29}},"2":{"start":{"line":3,"column":24},"end":{"line":3,"column":42}},"3":{"start":{"line":4,"column":12},"end":{"line":4,"column":40}},"4":{"start":{"line":7,"column":0},"end":{"line":38,"column":3}},"5":{"start":{"line":8,"column":39},"end":{"line":8,"column":47}},"6":{"start":{"line":9,"column":4},"end":{"line":37,"column":5}},"7":{"start":{"line":11,"column":8},"end":{"line":11,"column":49}},"8":{"start":{"line":14,"column":8},"end":{"line":36,"column":11}},"9":{"start":{"line":15,"column":12},"end":{"line":15,"column":38}},"10":{"start":{"line":15,"column":24},"end":{"line":15,"column":36}},"11":{"start":{"line":16,"column":22},"end":{"line":16,"column":45}},"12":{"start":{"line":17,"column":12},"end":{"line":35,"column":15}},"13":{"start":{"line":18,"column":16},"end":{"line":18,"column":37}},"14":{"start":{"line":18,"column":25},"end":{"line":18,"column":35}},"15":{"start":{"line":19,"column":16},"end":{"line":34,"column":17}},"16":{"start":{"line":20,"column":20},"end":{"line":20,"column":67}},"17":{"start":{"line":21,"column":20},"end":{"line":21,"column":37}},"18":{"start":{"line":23,"column":21},"end":{"line":34,"column":17}},"19":{"start":{"line":24,"column":20},"end":{"line":24,"column":60}},"20":{"start":{"line":25,"column":20},"end":{"line":25,"column":37}},"21":{"start":{"line":27,"column":21},"end":{"line":34,"column":17}},"22":{"start":{"line":29,"column":20},"end":{"line":29,"column":69}},"23":{"start":{"line":30,"column":20},"end":{"line":30,"column":37}},"24":{"start":{"line":32,"column":20},"end":{"line":32,"column":58}},"25":{"start":{"line":33,"column":20},"end":{"line":33,"column":37}},"26":{"start":{"line":40,"column":0},"end":{"line":40,"column":24}}},"fnMap":{"0":{"name":"(anonymous_0)","decl":{"start":{"line":7,"column":17},"end":{"line":7,"column":18}},"loc":{"start":{"line":7,"column":36},"end":{"line":38,"column":1}},"line":7},"1":{"name":"(anonymous_1)","decl":{"start":{"line":14,"column":33},"end":{"line":14,"column":34}},"loc":{"start":{"line":14,"column":54},"end":{"line":36,"column":9}},"line":14},"2":{"name":"(anonymous_2)","decl":{"start":{"line":17,"column":75},"end":{"line":17,"column":76}},"loc":{"start":{"line":17,"column":92},"end":{"line":35,"column":13}},"line":17}},"branchMap":{"0":{"loc":{"start":{"line":9,"column":4},"end":{"line":37,"column":5}},"type":"if","locations":[{"start":{"line":9,"column":4},"end":{"line":37,"column":5}},{"start":{"line":9,"column":4},"end":{"line":37,"column":5}}],"line":9},"1":{"loc":{"start":{"line":9,"column":7},"end":{"line":9,"column":71}},"type":"binary-expr","locations":[{"start":{"line":9,"column":7},"end":{"line":9,"column":37}},{"start":{"line":9,"column":41},"end":{"line":9,"column":71}}],"line":9},"2":{"loc":{"start":{"line":15,"column":12},"end":{"line":15,"column":38}},"type":"if","locations":[{"start":{"line":15,"column":12},"end":{"line":15,"column":38}},{"start":{"line":15,"column":12},"end":{"line":15,"column":38}}],"line":15},"3":{"loc":{"start":{"line":18,"column":16},"end":{"line":18,"column":37}},"type":"if","locations":[{"start":{"line":18,"column":16},"end":{"line":18,"column":37}},{"start":{"line":18,"column":16},"end":{"line":18,"column":37}}],"line":18},"4":{"loc":{"start":{"line":19,"column":16},"end":{"line":34,"column":17}},"type":"if","locations":[{"start":{"line":19,"column":16},"end":{"line":34,"column":17}},{"start":{"line":19,"column":16},"end":{"line":34,"column":17}}],"line":19},"5":{"loc":{"start":{"line":23,"column":21},"end":{"line":34,"column":17}},"type":"if","locations":[{"start":{"line":23,"column":21},"end":{"line":34,"column":17}},{"start":{"line":23,"column":21},"end":{"line":34,"column":17}}],"line":23},"6":{"loc":{"start":{"line":27,"column":21},"end":{"line":34,"column":17}},"type":"if","locations":[{"start":{"line":27,"column":21},"end":{"line":34,"column":17}},{"start":{"line":27,"column":21},"end":{"line":34,"column":17}}],"line":27},"7":{"loc":{"start":{"line":27,"column":24},"end":{"line":27,"column":90}},"type":"binary-expr","locations":[{"start":{"line":27,"column":24},"end":{"line":27,"column":58}},{"start":{"line":27,"column":62},"end":{"line":27,"column":90}}],"line":27}},"s":{"0":1,"1":1,"2":1,"3":1,"4":1,"5":0,"6":0,"7":0,"8":0,"9":0,"10":0,"11":0,"12":0,"13":0,"14":0,"15":0,"16":0,"17":0,"18":0,"19":0,"20":0,"21":0,"22":0,"23":0,"24":0,"25":0,"26":1},"f":{"0":0,"1":0,"2":0},"b":{"0":[0,0],"1":[0,0],"2":[0,0],"3":[0,0],"4":[0,0],"5":[0,0],"6":[0,0],"7":[0,0]},"_coverageSchema":"1a1c01bbd47fc00a2c39e90264f33305004495a9","hash":"d656938f3e7207f374f1daebd4f35a6081562666","contentHash":"2e1731306e2cd5b26197fca227dac18e5c2bccb46e3dacd9a07de4db20e7548e"},"/home/hadan326/TDP013/project/back-end/routes/send-request.js":{"path":"/home/hadan326/TDP013/project/back-end/routes/send-request.js","statementMap":{"0":{"start":{"line":1,"column":14},"end":{"line":1,"column":32}},"1":{"start":{"line":2,"column":13},"end":{"line":2,"column":29}},"2":{"start":{"line":3,"column":24},"end":{"line":3,"column":42}},"3":{"start":{"line":4,"column":12},"end":{"line":4,"column":40}},"4":{"start":{"line":7,"column":0},"end":{"line":77,"column":3}},"5":{"start":{"line":8,"column":85},"end":{"line":8,"column":93}},"6":{"start":{"line":9,"column":4},"end":{"line":76,"column":5}},"7":{"start":{"line":13,"column":8},"end":{"line":13,"column":49}},"8":{"start":{"line":16,"column":8},"end":{"line":75,"column":11}},"9":{"start":{"line":17,"column":12},"end":{"line":17,"column":38}},"10":{"start":{"line":17,"column":24},"end":{"line":17,"column":36}},"11":{"start":{"line":18,"column":22},"end":{"line":18,"column":45}},"12":{"start":{"line":19,"column":12},"end":{"line":73,"column":15}},"13":{"start":{"line":20,"column":16},"end":{"line":20,"column":37}},"14":{"start":{"line":20,"column":25},"end":{"line":20,"column":35}},"15":{"start":{"line":21,"column":16},"end":{"line":72,"column":17}},"16":{"start":{"line":22,"column":20},"end":{"line":22,"column":54}},"17":{"start":{"line":23,"column":20},"end":{"line":23,"column":37}},"18":{"start":{"line":25,"column":21},"end":{"line":72,"column":17}},"19":{"start":{"line":26,"column":20},"end":{"line":26,"column":67}},"20":{"start":{"line":27,"column":20},"end":{"line":27,"column":37}},"21":{"start":{"line":29,"column":21},"end":{"line":72,"column":17}},"22":{"start":{"line":31,"column":36},"end":{"line":31,"column":119}},"23":{"start":{"line":32,"column":20},"end":{"line":32,"column":54}},"24":{"start":{"line":33,"column":40},"end":{"line":33,"column":45}},"25":{"start":{"line":34,"column":20},"end":{"line":40,"column":21}},"26":{"start":{"line":35,"column":24},"end":{"line":39,"column":25}},"27":{"start":{"line":37,"column":28},"end":{"line":37,"column":49}},"28":{"start":{"line":38,"column":28},"end":{"line":38,"column":34}},"29":{"start":{"line":41,"column":20},"end":{"line":67,"column":21}},"30":{"start":{"line":42,"column":24},"end":{"line":42,"column":73}},"31":{"start":{"line":43,"column":24},"end":{"line":43,"column":41}},"32":{"start":{"line":46,"column":38},"end":{"line":46,"column":128}},"33":{"start":{"line":47,"column":24},"end":{"line":66,"column":27}},"34":{"start":{"line":49,"column":28},"end":{"line":65,"column":29}},"35":{"start":{"line":50,"column":32},"end":{"line":50,"column":72}},"36":{"start":{"line":51,"column":32},"end":{"line":51,"column":49}},"37":{"start":{"line":54,"column":32},"end":{"line":64,"column":34}},"38":{"start":{"line":56,"column":36},"end":{"line":63,"column":37}},"39":{"start":{"line":57,"column":40},"end":{"line":57,"column":80}},"40":{"start":{"line":58,"column":40},"end":{"line":58,"column":57}},"41":{"start":{"line":61,"column":40},"end":{"line":61,"column":85}},"42":{"start":{"line":62,"column":40},"end":{"line":62,"column":57}},"43":{"start":{"line":70,"column":20},"end":{"line":70,"column":58}},"44":{"start":{"line":71,"column":20},"end":{"line":71,"column":37}},"45":{"start":{"line":79,"column":0},"end":{"line":79,"column":24}}},"fnMap":{"0":{"name":"(anonymous_0)","decl":{"start":{"line":7,"column":17},"end":{"line":7,"column":18}},"loc":{"start":{"line":7,"column":36},"end":{"line":77,"column":1}},"line":7},"1":{"name":"(anonymous_1)","decl":{"start":{"line":16,"column":33},"end":{"line":16,"column":34}},"loc":{"start":{"line":16,"column":54},"end":{"line":75,"column":9}},"line":16},"2":{"name":"(anonymous_2)","decl":{"start":{"line":19,"column":75},"end":{"line":19,"column":76}},"loc":{"start":{"line":19,"column":92},"end":{"line":73,"column":13}},"line":19},"3":{"name":"(anonymous_3)","decl":{"start":{"line":48,"column":30},"end":{"line":48,"column":31}},"loc":{"start":{"line":48,"column":40},"end":{"line":66,"column":25}},"line":48},"4":{"name":"(anonymous_4)","decl":{"start":{"line":55,"column":38},"end":{"line":55,"column":39}},"loc":{"start":{"line":55,"column":48},"end":{"line":64,"column":33}},"line":55}},"branchMap":{"0":{"loc":{"start":{"line":9,"column":4},"end":{"line":76,"column":5}},"type":"if","locations":[{"start":{"line":9,"column":4},"end":{"line":76,"column":5}},{"start":{"line":9,"column":4},"end":{"line":76,"column":5}}],"line":9},"1":{"loc":{"start":{"line":9,"column":7},"end":{"line":11,"column":34}},"type":"binary-expr","locations":[{"start":{"line":9,"column":7},"end":{"line":9,"column":37}},{"start":{"line":9,"column":41},"end":{"line":9,"column":71}},{"start":{"line":10,"column":7},"end":{"line":10,"column":41}},{"start":{"line":10,"column":45},"end":{"line":10,"column":78}},{"start":{"line":10,"column":82},"end":{"line":10,"column":115}},{"start":{"line":11,"column":7},"end":{"line":11,"column":34}}],"line":9},"2":{"loc":{"start":{"line":17,"column":12},"end":{"line":17,"column":38}},"type":"if","locations":[{"start":{"line":17,"column":12},"end":{"line":17,"column":38}},{"start":{"line":17,"column":12},"end":{"line":17,"column":38}}],"line":17},"3":{"loc":{"start":{"line":20,"column":16},"end":{"line":20,"column":37}},"type":"if","locations":[{"start":{"line":20,"column":16},"end":{"line":20,"column":37}},{"start":{"line":20,"column":16},"end":{"line":20,"column":37}}],"line":20},"4":{"loc":{"start":{"line":21,"column":16},"end":{"line":72,"column":17}},"type":"if","locations":[{"start":{"line":21,"column":16},"end":{"line":72,"column":17}},{"start":{"line":21,"column":16},"end":{"line":72,"column":17}}],"line":21},"5":{"loc":{"start":{"line":25,"column":21},"end":{"line":72,"column":17}},"type":"if","locations":[{"start":{"line":25,"column":21},"end":{"line":72,"column":17}},{"start":{"line":25,"column":21},"end":{"line":72,"column":17}}],"line":25},"6":{"loc":{"start":{"line":29,"column":21},"end":{"line":72,"column":17}},"type":"if","locations":[{"start":{"line":29,"column":21},"end":{"line":72,"column":17}},{"start":{"line":29,"column":21},"end":{"line":72,"column":17}}],"line":29},"7":{"loc":{"start":{"line":29,"column":24},"end":{"line":29,"column":90}},"type":"binary-expr","locations":[{"start":{"line":29,"column":24},"end":{"line":29,"column":58}},{"start":{"line":29,"column":62},"end":{"line":29,"column":90}}],"line":29},"8":{"loc":{"start":{"line":35,"column":24},"end":{"line":39,"column":25}},"type":"if","locations":[{"start":{"line":35,"column":24},"end":{"line":39,"column":25}},{"start":{"line":35,"column":24},"end":{"line":39,"column":25}}],"line":35},"9":{"loc":{"start":{"line":41,"column":20},"end":{"line":67,"column":21}},"type":"if","locations":[{"start":{"line":41,"column":20},"end":{"line":67,"column":21}},{"start":{"line":41,"column":20},"end":{"line":67,"column":21}}],"line":41},"10":{"loc":{"start":{"line":49,"column":28},"end":{"line":65,"column":29}},"type":"if","locations":[{"start":{"line":49,"column":28},"end":{"line":65,"column":29}},{"start":{"line":49,"column":28},"end":{"line":65,"column":29}}],"line":49},"11":{"loc":{"start":{"line":56,"column":36},"end":{"line":63,"column":37}},"type":"if","locations":[{"start":{"line":56,"column":36},"end":{"line":63,"column":37}},{"start":{"line":56,"column":36},"end":{"line":63,"column":37}}],"line":56}},"s":{"0":1,"1":1,"2":1,"3":1,"4":1,"5":2,"6":2,"7":0,"8":2,"9":2,"10":0,"11":2,"12":2,"13":2,"14":0,"15":2,"16":0,"17":0,"18":2,"19":0,"20":0,"21":2,"22":2,"23":2,"24":2,"25":2,"26":0,"27":0,"28":0,"29":2,"30":0,"31":0,"32":2,"33":2,"34":2,"35":0,"36":0,"37":2,"38":2,"39":0,"40":0,"41":2,"42":2,"43":0,"44":0,"45":1},"f":{"0":2,"1":2,"2":2,"3":2,"4":2},"b":{"0":[0,2],"1":[2,2,2,2,2,2],"2":[0,2],"3":[0,2],"4":[0,2],"5":[0,2],"6":[2,0],"7":[2,2],"8":[0,0],"9":[0,2],"10":[0,2],"11":[0,2]},"_coverageSchema":"1a1c01bbd47fc00a2c39e90264f33305004495a9","hash":"bd5a0770ee10833988b47c6c32de8349bbe28821","contentHash":"8075d053b0562f034ed61876e47b62ce4c88e91cc2b8e43e9d0623564bc2783f"},"/home/hadan326/TDP013/project/back-end/routes/show-friends.js":{"path":"/home/hadan326/TDP013/project/back-end/routes/show-friends.js","statementMap":{"0":{"start":{"line":1,"column":14},"end":{"line":1,"column":32}},"1":{"start":{"line":2,"column":13},"end":{"line":2,"column":29}},"2":{"start":{"line":3,"column":24},"end":{"line":3,"column":42}},"3":{"start":{"line":4,"column":12},"end":{"line":4,"column":40}},"4":{"start":{"line":7,"column":0},"end":{"line":38,"column":3}},"5":{"start":{"line":8,"column":38},"end":{"line":8,"column":46}},"6":{"start":{"line":9,"column":4},"end":{"line":37,"column":5}},"7":{"start":{"line":10,"column":8},"end":{"line":10,"column":49}},"8":{"start":{"line":13,"column":8},"end":{"line":36,"column":11}},"9":{"start":{"line":14,"column":12},"end":{"line":14,"column":38}},"10":{"start":{"line":14,"column":24},"end":{"line":14,"column":36}},"11":{"start":{"line":15,"column":22},"end":{"line":15,"column":45}},"12":{"start":{"line":16,"column":12},"end":{"line":34,"column":15}},"13":{"start":{"line":17,"column":16},"end":{"line":17,"column":37}},"14":{"start":{"line":17,"column":25},"end":{"line":17,"column":35}},"15":{"start":{"line":18,"column":16},"end":{"line":33,"column":17}},"16":{"start":{"line":19,"column":20},"end":{"line":19,"column":54}},"17":{"start":{"line":20,"column":20},"end":{"line":20,"column":37}},"18":{"start":{"line":22,"column":21},"end":{"line":33,"column":17}},"19":{"start":{"line":23,"column":20},"end":{"line":23,"column":67}},"20":{"start":{"line":24,"column":20},"end":{"line":24,"column":37}},"21":{"start":{"line":26,"column":21},"end":{"line":33,"column":17}},"22":{"start":{"line":28,"column":20},"end":{"line":28,"column":60}},"23":{"start":{"line":29,"column":20},"end":{"line":29,"column":37}},"24":{"start":{"line":31,"column":20},"end":{"line":31,"column":58}},"25":{"start":{"line":32,"column":20},"end":{"line":32,"column":37}},"26":{"start":{"line":40,"column":0},"end":{"line":40,"column":24}}},"fnMap":{"0":{"name":"(anonymous_0)","decl":{"start":{"line":7,"column":17},"end":{"line":7,"column":18}},"loc":{"start":{"line":7,"column":36},"end":{"line":38,"column":1}},"line":7},"1":{"name":"(anonymous_1)","decl":{"start":{"line":13,"column":32},"end":{"line":13,"column":33}},"loc":{"start":{"line":13,"column":53},"end":{"line":36,"column":9}},"line":13},"2":{"name":"(anonymous_2)","decl":{"start":{"line":16,"column":75},"end":{"line":16,"column":76}},"loc":{"start":{"line":16,"column":92},"end":{"line":34,"column":13}},"line":16}},"branchMap":{"0":{"loc":{"start":{"line":9,"column":4},"end":{"line":37,"column":5}},"type":"if","locations":[{"start":{"line":9,"column":4},"end":{"line":37,"column":5}},{"start":{"line":9,"column":4},"end":{"line":37,"column":5}}],"line":9},"1":{"loc":{"start":{"line":9,"column":7},"end":{"line":9,"column":71}},"type":"binary-expr","locations":[{"start":{"line":9,"column":7},"end":{"line":9,"column":37}},{"start":{"line":9,"column":41},"end":{"line":9,"column":71}}],"line":9},"2":{"loc":{"start":{"line":14,"column":12},"end":{"line":14,"column":38}},"type":"if","locations":[{"start":{"line":14,"column":12},"end":{"line":14,"column":38}},{"start":{"line":14,"column":12},"end":{"line":14,"column":38}}],"line":14},"3":{"loc":{"start":{"line":17,"column":16},"end":{"line":17,"column":37}},"type":"if","locations":[{"start":{"line":17,"column":16},"end":{"line":17,"column":37}},{"start":{"line":17,"column":16},"end":{"line":17,"column":37}}],"line":17},"4":{"loc":{"start":{"line":18,"column":16},"end":{"line":33,"column":17}},"type":"if","locations":[{"start":{"line":18,"column":16},"end":{"line":33,"column":17}},{"start":{"line":18,"column":16},"end":{"line":33,"column":17}}],"line":18},"5":{"loc":{"start":{"line":22,"column":21},"end":{"line":33,"column":17}},"type":"if","locations":[{"start":{"line":22,"column":21},"end":{"line":33,"column":17}},{"start":{"line":22,"column":21},"end":{"line":33,"column":17}}],"line":22},"6":{"loc":{"start":{"line":26,"column":21},"end":{"line":33,"column":17}},"type":"if","locations":[{"start":{"line":26,"column":21},"end":{"line":33,"column":17}},{"start":{"line":26,"column":21},"end":{"line":33,"column":17}}],"line":26},"7":{"loc":{"start":{"line":26,"column":24},"end":{"line":26,"column":90}},"type":"binary-expr","locations":[{"start":{"line":26,"column":24},"end":{"line":26,"column":58}},{"start":{"line":26,"column":62},"end":{"line":26,"column":90}}],"line":26}},"s":{"0":1,"1":1,"2":1,"3":1,"4":1,"5":0,"6":0,"7":0,"8":0,"9":0,"10":0,"11":0,"12":0,"13":0,"14":0,"15":0,"16":0,"17":0,"18":0,"19":0,"20":0,"21":0,"22":0,"23":0,"24":0,"25":0,"26":1},"f":{"0":0,"1":0,"2":0},"b":{"0":[0,0],"1":[0,0],"2":[0,0],"3":[0,0],"4":[0,0],"5":[0,0],"6":[0,0],"7":[0,0]},"_coverageSchema":"1a1c01bbd47fc00a2c39e90264f33305004495a9","hash":"3091baab75fd934a1e72ae931229773856adc602","contentHash":"ee1caa8f0c4d343bab50dad143b7492caabaed592f1aded4f82b5d0471d9e769"},"/home/hadan326/TDP013/project/back-end/routes/accept-request.js":{"path":"/home/hadan326/TDP013/project/back-end/routes/accept-request.js","statementMap":{"0":{"start":{"line":1,"column":14},"end":{"line":1,"column":32}},"1":{"start":{"line":2,"column":13},"end":{"line":2,"column":29}},"2":{"start":{"line":3,"column":24},"end":{"line":3,"column":42}},"3":{"start":{"line":4,"column":12},"end":{"line":4,"column":40}},"4":{"start":{"line":7,"column":0},"end":{"line":53,"column":3}},"5":{"start":{"line":8,"column":85},"end":{"line":8,"column":93}},"6":{"start":{"line":9,"column":4},"end":{"line":52,"column":5}},"7":{"start":{"line":12,"column":8},"end":{"line":12,"column":49}},"8":{"start":{"line":15,"column":8},"end":{"line":51,"column":11}},"9":{"start":{"line":16,"column":12},"end":{"line":16,"column":38}},"10":{"start":{"line":16,"column":24},"end":{"line":16,"column":36}},"11":{"start":{"line":17,"column":22},"end":{"line":17,"column":45}},"12":{"start":{"line":18,"column":12},"end":{"line":49,"column":15}},"13":{"start":{"line":19,"column":16},"end":{"line":19,"column":37}},"14":{"start":{"line":19,"column":25},"end":{"line":19,"column":35}},"15":{"start":{"line":20,"column":16},"end":{"line":48,"column":17}},"16":{"start":{"line":22,"column":40},"end":{"line":22,"column":123}},"17":{"start":{"line":23,"column":20},"end":{"line":43,"column":23}},"18":{"start":{"line":25,"column":24},"end":{"line":41,"column":27}},"19":{"start":{"line":27,"column":42},"end":{"line":27,"column":132}},"20":{"start":{"line":28,"column":28},"end":{"line":39,"column":31}},"21":{"start":{"line":30,"column":32},"end":{"line":38,"column":34}},"22":{"start":{"line":32,"column":36},"end":{"line":32,"column":87}},"23":{"start":{"line":33,"column":36},"end":{"line":33,"column":53}},"24":{"start":{"line":36,"column":36},"end":{"line":36,"column":53}},"25":{"start":{"line":37,"column":36},"end":{"line":37,"column":44}},"26":{"start":{"line":46,"column":20},"end":{"line":46,"column":58}},"27":{"start":{"line":47,"column":20},"end":{"line":47,"column":37}},"28":{"start":{"line":55,"column":0},"end":{"line":55,"column":24}}},"fnMap":{"0":{"name":"(anonymous_0)","decl":{"start":{"line":7,"column":17},"end":{"line":7,"column":18}},"loc":{"start":{"line":7,"column":36},"end":{"line":53,"column":1}},"line":7},"1":{"name":"(anonymous_1)","decl":{"start":{"line":15,"column":33},"end":{"line":15,"column":34}},"loc":{"start":{"line":15,"column":54},"end":{"line":51,"column":9}},"line":15},"2":{"name":"(anonymous_2)","decl":{"start":{"line":18,"column":75},"end":{"line":18,"column":76}},"loc":{"start":{"line":18,"column":92},"end":{"line":49,"column":13}},"line":18},"3":{"name":"(anonymous_3)","decl":{"start":{"line":24,"column":26},"end":{"line":24,"column":27}},"loc":{"start":{"line":24,"column":32},"end":{"line":43,"column":21}},"line":24},"4":{"name":"(anonymous_4)","decl":{"start":{"line":26,"column":30},"end":{"line":26,"column":31}},"loc":{"start":{"line":26,"column":36},"end":{"line":41,"column":25}},"line":26},"5":{"name":"(anonymous_5)","decl":{"start":{"line":29,"column":34},"end":{"line":29,"column":35}},"loc":{"start":{"line":29,"column":40},"end":{"line":39,"column":29}},"line":29},"6":{"name":"(anonymous_6)","decl":{"start":{"line":31,"column":38},"end":{"line":31,"column":39}},"loc":{"start":{"line":31,"column":43},"end":{"line":34,"column":33}},"line":31},"7":{"name":"(anonymous_7)","decl":{"start":{"line":35,"column":39},"end":{"line":35,"column":40}},"loc":{"start":{"line":35,"column":46},"end":{"line":38,"column":33}},"line":35}},"branchMap":{"0":{"loc":{"start":{"line":9,"column":4},"end":{"line":52,"column":5}},"type":"if","locations":[{"start":{"line":9,"column":4},"end":{"line":52,"column":5}},{"start":{"line":9,"column":4},"end":{"line":52,"column":5}}],"line":9},"1":{"loc":{"start":{"line":9,"column":7},"end":{"line":11,"column":34}},"type":"binary-expr","locations":[{"start":{"line":9,"column":7},"end":{"line":9,"column":37}},{"start":{"line":9,"column":41},"end":{"line":9,"column":71}},{"start":{"line":10,"column":7},"end":{"line":10,"column":41}},{"start":{"line":10,"column":45},"end":{"line":10,"column":78}},{"start":{"line":10,"column":82},"end":{"line":10,"column":115}},{"start":{"line":11,"column":7},"end":{"line":11,"column":34}}],"line":9},"2":{"loc":{"start":{"line":16,"column":12},"end":{"line":16,"column":38}},"type":"if","locations":[{"start":{"line":16,"column":12},"end":{"line":16,"column":38}},{"start":{"line":16,"column":12},"end":{"line":16,"column":38}}],"line":16},"3":{"loc":{"start":{"line":19,"column":16},"end":{"line":19,"column":37}},"type":"if","locations":[{"start":{"line":19,"column":16},"end":{"line":19,"column":37}},{"start":{"line":19,"column":16},"end":{"line":19,"column":37}}],"line":19},"4":{"loc":{"start":{"line":20,"column":16},"end":{"line":48,"column":17}},"type":"if","locations":[{"start":{"line":20,"column":16},"end":{"line":48,"column":17}},{"start":{"line":20,"column":16},"end":{"line":48,"column":17}}],"line":20},"5":{"loc":{"start":{"line":20,"column":19},"end":{"line":20,"column":85}},"type":"binary-expr","locations":[{"start":{"line":20,"column":19},"end":{"line":20,"column":53}},{"start":{"line":20,"column":57},"end":{"line":20,"column":85}}],"line":20}},"s":{"0":1,"1":1,"2":1,"3":1,"4":1,"5":1,"6":1,"7":0,"8":1,"9":1,"10":0,"11":1,"12":1,"13":1,"14":0,"15":1,"16":1,"17":1,"18":1,"19":1,"20":1,"21":1,"22":1,"23":1,"24":0,"25":0,"26":0,"27":0,"28":1},"f":{"0":1,"1":1,"2":1,"3":1,"4":1,"5":1,"6":1,"7":0},"b":{"0":[0,1],"1":[1,1,1,1,1,1],"2":[0,1],"3":[0,1],"4":[1,0],"5":[1,1]},"_coverageSchema":"1a1c01bbd47fc00a2c39e90264f33305004495a9","hash":"0806a8e589b8c8d42caf5b8aa789c0f43824a5ef","contentHash":"fea21656ff56fd348defff6ed0b654be9c57a880ca9a1954720ed4cd741a302a"},"/home/hadan326/TDP013/project/back-end/routes/ignore-request.js":{"path":"/home/hadan326/TDP013/project/back-end/routes/ignore-request.js","statementMap":{"0":{"start":{"line":1,"column":14},"end":{"line":1,"column":32}},"1":{"start":{"line":2,"column":13},"end":{"line":2,"column":29}},"2":{"start":{"line":3,"column":24},"end":{"line":3,"column":42}},"3":{"start":{"line":4,"column":12},"end":{"line":4,"column":40}},"4":{"start":{"line":7,"column":0},"end":{"line":48,"column":3}},"5":{"start":{"line":8,"column":85},"end":{"line":8,"column":93}},"6":{"start":{"line":9,"column":4},"end":{"line":47,"column":5}},"7":{"start":{"line":12,"column":8},"end":{"line":12,"column":49}},"8":{"start":{"line":14,"column":8},"end":{"line":46,"column":11}},"9":{"start":{"line":15,"column":12},"end":{"line":15,"column":38}},"10":{"start":{"line":15,"column":24},"end":{"line":15,"column":36}},"11":{"start":{"line":16,"column":22},"end":{"line":16,"column":45}},"12":{"start":{"line":17,"column":12},"end":{"line":44,"column":15}},"13":{"start":{"line":18,"column":16},"end":{"line":18,"column":37}},"14":{"start":{"line":18,"column":25},"end":{"line":18,"column":35}},"15":{"start":{"line":19,"column":16},"end":{"line":43,"column":17}},"16":{"start":{"line":20,"column":20},"end":{"line":20,"column":60}},"17":{"start":{"line":21,"column":20},"end":{"line":21,"column":37}},"18":{"start":{"line":23,"column":21},"end":{"line":43,"column":17}},"19":{"start":{"line":24,"column":20},"end":{"line":24,"column":67}},"20":{"start":{"line":25,"column":20},"end":{"line":25,"column":37}},"21":{"start":{"line":27,"column":21},"end":{"line":43,"column":17}},"22":{"start":{"line":29,"column":40},"end":{"line":29,"column":123}},"23":{"start":{"line":30,"column":20},"end":{"line":38,"column":23}},"24":{"start":{"line":32,"column":38},"end":{"line":32,"column":128}},"25":{"start":{"line":33,"column":24},"end":{"line":37,"column":27}},"26":{"start":{"line":35,"column":28},"end":{"line":35,"column":90}},"27":{"start":{"line":36,"column":28},"end":{"line":36,"column":45}},"28":{"start":{"line":41,"column":20},"end":{"line":41,"column":58}},"29":{"start":{"line":42,"column":20},"end":{"line":42,"column":37}},"30":{"start":{"line":50,"column":0},"end":{"line":50,"column":24}}},"fnMap":{"0":{"name":"(anonymous_0)","decl":{"start":{"line":7,"column":17},"end":{"line":7,"column":18}},"loc":{"start":{"line":7,"column":36},"end":{"line":48,"column":1}},"line":7},"1":{"name":"(anonymous_1)","decl":{"start":{"line":14,"column":33},"end":{"line":14,"column":34}},"loc":{"start":{"line":14,"column":54},"end":{"line":46,"column":9}},"line":14},"2":{"name":"(anonymous_2)","decl":{"start":{"line":17,"column":75},"end":{"line":17,"column":76}},"loc":{"start":{"line":17,"column":92},"end":{"line":44,"column":13}},"line":17},"3":{"name":"(anonymous_3)","decl":{"start":{"line":31,"column":26},"end":{"line":31,"column":27}},"loc":{"start":{"line":31,"column":35},"end":{"line":38,"column":21}},"line":31},"4":{"name":"(anonymous_4)","decl":{"start":{"line":34,"column":30},"end":{"line":34,"column":31}},"loc":{"start":{"line":34,"column":39},"end":{"line":37,"column":25}},"line":34}},"branchMap":{"0":{"loc":{"start":{"line":9,"column":4},"end":{"line":47,"column":5}},"type":"if","locations":[{"start":{"line":9,"column":4},"end":{"line":47,"column":5}},{"start":{"line":9,"column":4},"end":{"line":47,"column":5}}],"line":9},"1":{"loc":{"start":{"line":9,"column":7},"end":{"line":9,"co
[...]
:45,"column":27}},"34":{"start":{"line":42,"column":28},"end":{"line":42,"column":51}},"35":{"start":{"line":42,"column":38},"end":{"line":42,"column":49}},"36":{"start":{"line":43,"column":28},"end":{"line":43,"column":132}},"37":{"start":{"line":43,"column":77},"end":{"line":43,"column":129}},"38":{"start":{"line":44,"column":28},"end":{"line":44,"column":45}},"39":{"start":{"line":48,"column":24},"end":{"line":48,"column":83}},"40":{"start":{"line":49,"column":24},"end":{"line":49,"column":41}},"41":{"start":{"line":54,"column":20},"end":{"line":54,"column":58}},"42":{"start":{"line":55,"column":20},"end":{"line":55,"column":37}},"43":{"start":{"line":64,"column":0},"end":{"line":64,"column":24}}},"fnMap":{"0":{"name":"(anonymous_0)","decl":{"start":{"line":8,"column":17},"end":{"line":8,"column":18}},"loc":{"start":{"line":8,"column":36},"end":{"line":62,"column":1}},"line":8},"1":{"name":"(anonymous_1)","decl":{"start":{"line":14,"column":33},"end":{"line":14,"column":34}},"loc":{"start":{"line":14,"column":54},"end":{"line":60,"column":9}},"line":14},"2":{"name":"(anonymous_2)","decl":{"start":{"line":17,"column":75},"end":{"line":17,"column":76}},"loc":{"start":{"line":17,"column":92},"end":{"line":58,"column":13}},"line":17},"3":{"name":"(anonymous_3)","decl":{"start":{"line":37,"column":66},"end":{"line":37,"column":67}},"loc":{"start":{"line":37,"column":75},"end":{"line":37,"column":127}},"line":37},"4":{"name":"(anonymous_4)","decl":{"start":{"line":41,"column":89},"end":{"line":41,"column":90}},"loc":{"start":{"line":41,"column":105},"end":{"line":45,"column":25}},"line":41},"5":{"name":"(anonymous_5)","decl":{"start":{"line":43,"column":68},"end":{"line":43,"column":69}},"loc":{"start":{"line":43,"column":77},"end":{"line":43,"column":129}},"line":43}},"branchMap":{"0":{"loc":{"start":{"line":10,"column":4},"end":{"line":61,"column":5}},"type":"if","locations":[{"start":{"line":10,"column":4},"end":{"line":61,"column":5}},{"start":{"line":10,"column":4},"end":{"line":61,"column":5}}],"line":10},"1":{"loc":{"start":{"line":10,"column":7},"end":{"line":10,"column":107}},"type":"binary-expr","locations":[{"start":{"line":10,"column":7},"end":{"line":10,"column":37}},{"start":{"line":10,"column":41},"end":{"line":10,"column":71}},{"start":{"line":10,"column":75},"end":{"line":10,"column":107}}],"line":10},"2":{"loc":{"start":{"line":15,"column":12},"end":{"line":15,"column":38}},"type":"if","locations":[{"start":{"line":15,"column":12},"end":{"line":15,"column":38}},{"start":{"line":15,"column":12},"end":{"line":15,"column":38}}],"line":15},"3":{"loc":{"start":{"line":18,"column":16},"end":{"line":18,"column":37}},"type":"if","locations":[{"start":{"line":18,"column":16},"end":{"line":18,"column":37}},{"start":{"line":18,"column":16},"end":{"line":18,"column":37}}],"line":18},"4":{"loc":{"start":{"line":19,"column":16},"end":{"line":56,"column":17}},"type":"if","locations":[{"start":{"line":19,"column":16},"end":{"line":56,"column":17}},{"start":{"line":19,"column":16},"end":{"line":56,"column":17}}],"line":19},"5":{"loc":{"start":{"line":23,"column":21},"end":{"line":56,"column":17}},"type":"if","locations":[{"start":{"line":23,"column":21},"end":{"line":56,"column":17}},{"start":{"line":23,"column":21},"end":{"line":56,"column":17}}],"line":23},"6":{"loc":{"start":{"line":27,"column":21},"end":{"line":56,"column":17}},"type":"if","locations":[{"start":{"line":27,"column":21},"end":{"line":56,"column":17}},{"start":{"line":27,"column":21},"end":{"line":56,"column":17}}],"line":27},"7":{"loc":{"start":{"line":27,"column":24},"end":{"line":27,"column":90}},"type":"binary-expr","locations":[{"start":{"line":27,"column":24},"end":{"line":27,"column":58}},{"start":{"line":27,"column":62},"end":{"line":27,"column":90}}],"line":27},"8":{"loc":{"start":{"line":30,"column":24},"end":{"line":34,"column":25}},"type":"if","locations":[{"start":{"line":30,"column":24},"end":{"line":34,"column":25}},{"start":{"line":30,"column":24},"end":{"line":34,"column":25}}],"line":30},"9":{"loc":{"start":{"line":36,"column":20},"end":{"line":50,"column":21}},"type":"if","locations":[{"start":{"line":36,"column":20},"end":{"line":50,"column":21}},{"start":{"line":36,"column":20},"end":{"line":50,"column":21}}],"line":36},"10":{"loc":{"start":{"line":37,"column":75},"end":{"line":37,"column":127}},"type":"cond-expr","locations":[{"start":{"line":37,"column":95},"end":{"line":37,"column":96}},{"start":{"line":37,"column":100},"end":{"line":37,"column":126}}],"line":37},"11":{"loc":{"start":{"line":37,"column":100},"end":{"line":37,"column":126}},"type":"cond-expr","locations":[{"start":{"line":37,"column":120},"end":{"line":37,"column":122}},{"start":{"line":37,"column":125},"end":{"line":37,"column":126}}],"line":37},"12":{"loc":{"start":{"line":40,"column":25},"end":{"line":50,"column":21}},"type":"if","locations":[{"start":{"line":40,"column":25},"end":{"line":50,"column":21}},{"start":{"line":40,"column":25},"end":{"line":50,"column":21}}],"line":40},"13":{"loc":{"start":{"line":42,"column":28},"end":{"line":42,"column":51}},"type":"if","locations":[{"start":{"line":42,"column":28},"end":{"line":42,"column":51}},{"start":{"line":42,"column":28},"end":{"line":42,"column":51}}],"line":42},"14":{"loc":{"start":{"line":43,"column":77},"end":{"line":43,"column":129}},"type":"cond-expr","locations":[{"start":{"line":43,"column":97},"end":{"line":43,"column":98}},{"start":{"line":43,"column":102},"end":{"line":43,"column":128}}],"line":43},"15":{"loc":{"start":{"line":43,"column":102},"end":{"line":43,"column":128}},"type":"cond-expr","locations":[{"start":{"line":43,"column":122},"end":{"line":43,"column":124}},{"start":{"line":43,"column":127},"end":{"line":43,"column":128}}],"line":43}},"s":{"0":1,"1":1,"2":1,"3":1,"4":1,"5":0,"6":0,"7":0,"8":0,"9":0,"10":0,"11":0,"12":0,"13":0,"14":0,"15":0,"16":0,"17":0,"18":0,"19":0,"20":0,"21":0,"22":0,"23":0,"24":0,"25":0,"26":0,"27":0,"28":0,"29":0,"30":0,"31":0,"32":0,"33":0,"34":0,"35":0,"36":0,"37":0,"38":0,"39":0,"40":0,"41":0,"42":0,"43":1},"f":{"0":0,"1":0,"2":0,"3":0,"4":0,"5":0},"b":{"0":[0,0],"1":[0,0,0],"2":[0,0],"3":[0,0],"4":[0,0],"5":[0,0],"6":[0,0],"7":[0,0],"8":[0,0],"9":[0,0],"10":[0,0],"11":[0,0],"12":[0,0],"13":[0,0],"14":[0,0],"15":[0,0]},"_coverageSchema":"1a1c01bbd47fc00a2c39e90264f33305004495a9","hash":"f25d8313b15d01de6928485c912aedd1acf20dd8","contentHash":"372453a7494f15289db177b4d381d71c17a0fc6b3a160cae9b73b8739fc97d28"},"/home/hadan326/TDP013/project/back-end/routes/my-profile.js":{"path":"/home/hadan326/TDP013/project/back-end/routes/my-profile.js","statementMap":{"0":{"start":{"line":1,"column":14},"end":{"line":1,"column":32}},"1":{"start":{"line":2,"column":13},"end":{"line":2,"column":29}},"2":{"start":{"line":3,"column":24},"end":{"line":3,"column":42}},"3":{"start":{"line":4,"column":12},"end":{"line":4,"column":40}},"4":{"start":{"line":8,"column":0},"end":{"line":44,"column":3}},"5":{"start":{"line":9,"column":37},"end":{"line":9,"column":45}},"6":{"start":{"line":10,"column":4},"end":{"line":43,"column":5}},"7":{"start":{"line":12,"column":8},"end":{"line":12,"column":49}},"8":{"start":{"line":16,"column":8},"end":{"line":42,"column":11}},"9":{"start":{"line":17,"column":12},"end":{"line":17,"column":38}},"10":{"start":{"line":17,"column":24},"end":{"line":17,"column":36}},"11":{"start":{"line":18,"column":22},"end":{"line":18,"column":45}},"12":{"start":{"line":19,"column":12},"end":{"line":41,"column":15}},"13":{"start":{"line":20,"column":16},"end":{"line":20,"column":41}},"14":{"start":{"line":20,"column":27},"end":{"line":20,"column":39}},"15":{"start":{"line":21,"column":16},"end":{"line":40,"column":17}},"16":{"start":{"line":22,"column":20},"end":{"line":22,"column":54}},"17":{"start":{"line":23,"column":20},"end":{"line":23,"column":37}},"18":{"start":{"line":25,"column":21},"end":{"line":40,"column":17}},"19":{"start":{"line":26,"column":20},"end":{"line":26,"column":67}},"20":{"start":{"line":27,"column":20},"end":{"line":27,"column":37}},"21":{"start":{"line":29,"column":21},"end":{"line":40,"column":17}},"22":{"start":{"line":30,"column":34},"end":{"line":30,"column":117}},"23":{"start":{"line":30,"column":64},"end":{"line":30,"column":116}},"24":{"start":{"line":31,"column":38},"end":{"line":33,"column":93}},"25":{"start":{"line":34,"column":20},"end":{"line":34,"column":54}},"26":{"start":{"line":35,"column":20},"end":{"line":35,"column":37}},"27":{"start":{"line":38,"column":20},"end":{"line":38,"column":58}},"28":{"start":{"line":39,"column":20},"end":{"line":39,"column":37}},"29":{"start":{"line":46,"column":0},"end":{"line":46,"column":24}}},"fnMap":{"0":{"name":"(anonymous_0)","decl":{"start":{"line":8,"column":17},"end":{"line":8,"column":18}},"loc":{"start":{"line":8,"column":42},"end":{"line":44,"column":1}},"line":8},"1":{"name":"(anonymous_1)","decl":{"start":{"line":16,"column":33},"end":{"line":16,"column":34}},"loc":{"start":{"line":16,"column":54},"end":{"line":42,"column":9}},"line":16},"2":{"name":"(anonymous_2)","decl":{"start":{"line":19,"column":101},"end":{"line":19,"column":102}},"loc":{"start":{"line":19,"column":120},"end":{"line":41,"column":13}},"line":19},"3":{"name":"(anonymous_3)","decl":{"start":{"line":30,"column":55},"end":{"line":30,"column":56}},"loc":{"start":{"line":30,"column":64},"end":{"line":30,"column":116}},"line":30}},"branchMap":{"0":{"loc":{"start":{"line":10,"column":4},"end":{"line":43,"column":5}},"type":"if","locations":[{"start":{"line":10,"column":4},"end":{"line":43,"column":5}},{"start":{"line":10,"column":4},"end":{"line":43,"column":5}}],"line":10},"1":{"loc":{"start":{"line":10,"column":7},"end":{"line":10,"column":71}},"type":"binary-expr","locations":[{"start":{"line":10,"column":7},"end":{"line":10,"column":37}},{"start":{"line":10,"column":41},"end":{"line":10,"column":71}}],"line":10},"2":{"loc":{"start":{"line":17,"column":12},"end":{"line":17,"column":38}},"type":"if","locations":[{"start":{"line":17,"column":12},"end":{"line":17,"column":38}},{"start":{"line":17,"column":12},"end":{"line":17,"column":38}}],"line":17},"3":{"loc":{"start":{"line":20,"column":16},"end":{"line":20,"column":41}},"type":"if","locations":[{"start":{"line":20,"column":16},"end":{"line":20,"column":41}},{"start":{"line":20,"column":16},"end":{"line":20,"column":41}}],"line":20},"4":{"loc":{"start":{"line":21,"column":16},"end":{"line":40,"column":17}},"type":"if","locations":[{"start":{"line":21,"column":16},"end":{"line":40,"column":17}},{"start":{"line":21,"column":16},"end":{"line":40,"column":17}}],"line":21},"5":{"loc":{"start":{"line":25,"column":21},"end":{"line":40,"column":17}},"type":"if","locations":[{"start":{"line":25,"column":21},"end":{"line":40,"column":17}},{"start":{"line":25,"column":21},"end":{"line":40,"column":17}}],"line":25},"6":{"loc":{"start":{"line":29,"column":21},"end":{"line":40,"column":17}},"type":"if","locations":[{"start":{"line":29,"column":21},"end":{"line":40,"column":17}},{"start":{"line":29,"column":21},"end":{"line":40,"column":17}}],"line":29},"7":{"loc":{"start":{"line":29,"column":24},"end":{"line":29,"column":90}},"type":"binary-expr","locations":[{"start":{"line":29,"column":24},"end":{"line":29,"column":58}},{"start":{"line":29,"column":62},"end":{"line":29,"column":90}}],"line":29},"8":{"loc":{"start":{"line":30,"column":64},"end":{"line":30,"column":116}},"type":"cond-expr","locations":[{"start":{"line":30,"column":84},"end":{"line":30,"column":85}},{"start":{"line":30,"column":89},"end":{"line":30,"column":115}}],"line":30},"9":{"loc":{"start":{"line":30,"column":89},"end":{"line":30,"column":115}},"type":"cond-expr","locations":[{"start":{"line":30,"column":109},"end":{"line":30,"column":111}},{"start":{"line":30,"column":114},"end":{"line":30,"column":115}}],"line":30}},"s":{"0":1,"1":1,"2":1,"3":1,"4":1,"5":0,"6":0,"7":0,"8":0,"9":0,"10":0,"11":0,"12":0,"13":0,"14":0,"15":0,"16":0,"17":0,"18":0,"19":0,"20":0,"21":0,"22":0,"23":0,"24":0,"25":0,"26":0,"27":0,"28":0,"29":1},"f":{"0":0,"1":0,"2":0,"3":0},"b":{"0":[0,0],"1":[0,0],"2":[0,0],"3":[0,0],"4":[0,0],"5":[0,0],"6":[0,0],"7":[0,0],"8":[0,0],"9":[0,0]},"_coverageSchema":"1a1c01bbd47fc00a2c39e90264f33305004495a9","hash":"b9f8c58d25b977efc31287c6101e0686dea80687","contentHash":"300ab2a427ad10068c5f7476fafcb8e57c684d9585d4b49a03f373f46207bc78"},"/home/hadan326/TDP013/project/back-end/routes/delete-account.js":{"path":"/home/hadan326/TDP013/project/back-end/routes/delete-account.js","statementMap":{"0":{"start":{"line":1,"column":14},"end":{"line":1,"column":32}},"1":{"start":{"line":2,"column":13},"end":{"line":2,"column":29}},"2":{"start":{"line":3,"column":24},"end":{"line":3,"column":42}},"3":{"start":{"line":4,"column":12},"end":{"line":4,"column":40}},"4":{"start":{"line":7,"column":0},"end":{"line":43,"column":3}},"5":{"start":{"line":8,"column":49},"end":{"line":8,"column":57}},"6":{"start":{"line":9,"column":4},"end":{"line":39,"column":5}},"7":{"start":{"line":11,"column":8},"end":{"line":11,"column":49}},"8":{"start":{"line":14,"column":8},"end":{"line":38,"column":11}},"9":{"start":{"line":15,"column":12},"end":{"line":15,"column":38}},"10":{"start":{"line":15,"column":24},"end":{"line":15,"column":36}},"11":{"start":{"line":16,"column":22},"end":{"line":16,"column":45}},"12":{"start":{"line":17,"column":12},"end":{"line":37,"column":15}},"13":{"start":{"line":18,"column":16},"end":{"line":18,"column":41}},"14":{"start":{"line":18,"column":27},"end":{"line":18,"column":39}},"15":{"start":{"line":19,"column":16},"end":{"line":35,"column":17}},"16":{"start":{"line":20,"column":20},"end":{"line":20,"column":66}},"17":{"start":{"line":21,"column":20},"end":{"line":21,"column":37}},"18":{"start":{"line":22,"column":22},"end":{"line":35,"column":17}},"19":{"start":{"line":23,"column":20},"end":{"line":23,"column":59}},"20":{"start":{"line":24,"column":20},"end":{"line":24,"column":37}},"21":{"start":{"line":25,"column":22},"end":{"line":35,"column":17}},"22":{"start":{"line":26,"column":20},"end":{"line":30,"column":23}},"23":{"start":{"line":28,"column":24},"end":{"line":28,"column":50}},"24":{"start":{"line":29,"column":24},"end":{"line":29,"column":41}},"25":{"start":{"line":33,"column":20},"end":{"line":33,"column":58}},"26":{"start":{"line":34,"column":20},"end":{"line":34,"column":37}},"27":{"start":{"line":45,"column":0},"end":{"line":45,"column":24}}},"fnMap":{"0":{"name":"(anonymous_0)","decl":{"start":{"line":7,"column":17},"end":{"line":7,"column":18}},"loc":{"start":{"line":7,"column":36},"end":{"line":43,"column":1}},"line":7},"1":{"name":"(anonymous_1)","decl":{"start":{"line":14,"column":33},"end":{"line":14,"column":34}},"loc":{"start":{"line":14,"column":54},"end":{"line":38,"column":9}},"line":14},"2":{"name":"(anonymous_2)","decl":{"start":{"line":17,"column":99},"end":{"line":17,"column":100}},"loc":{"start":{"line":17,"column":118},"end":{"line":37,"column":13}},"line":17},"3":{"name":"(anonymous_3)","decl":{"start":{"line":27,"column":26},"end":{"line":27,"column":27}},"loc":{"start":{"line":27,"column":35},"end":{"line":30,"column":21}},"line":27}},"branchMap":{"0":{"loc":{"start":{"line":9,"column":4},"end":{"line":39,"column":5}},"type":"if","locations":[{"start":{"line":9,"column":4},"end":{"line":39,"column":5}},{"start":{"line":9,"column":4},"end":{"line":39,"column":5}}],"line":9},"1":{"loc":{"start":{"line":9,"column":7},"end":{"line":9,"column":104}},"type":"binary-expr","locations":[{"start":{"line":9,"column":7},"end":{"line":9,"column":37}},{"start":{"line":9,"column":41},"end":{"line":9,"column":71}},{"start":{"line":9,"column":74},"end":{"line":9,"column":104}}],"line":9},"2":{"loc":{"start":{"line":15,"column":12},"end":{"line":15,"column":38}},"type":"if","locations":[{"start":{"line":15,"column":12},"end":{"line":15,"column":38}},{"start":{"line":15,"column":12},"end":{"line":15,"column":38}}],"line":15},"3":{"loc":{"start":{"line":18,"column":16},"end":{"line":18,"column":41}},"type":"if","locations":[{"start":{"line":18,"column":16},"end":{"line":18,"column":41}},{"start":{"line":18,"column":16},"end":{"line":18,"column":41}}],"line":18},"4":{"loc":{"start":{"line":19,"column":16},"end":{"line":35,"column":17}},"type":"if","locations":[{"start":{"line":19,"column":16},"end":{"line":35,"column":17}},{"start":{"line":19,"column":16},"end":{"line":35,"column":17}}],"line":19},"5":{"loc":{"start":{"line":22,"column":22},"end":{"line":35,"column":17}},"type":"if","locations":[{"start":{"line":22,"column":22},"end":{"line":35,"column":17}},{"start":{"line":22,"column":22},"end":{"line":35,"column":17}}],"line":22},"6":{"loc":{"start":{"line":25,"column":22},"end":{"line":35,"column":17}},"type":"if","locations":[{"start":{"line":25,"column":22},"end":{"line":35,"column":17}},{"start":{"line":25,"column":22},"end":{"line":35,"column":17}}],"line":25},"7":{"loc":{"start":{"line":25,"column":25},"end":{"line":25,"column":91}},"type":"binary-expr","locations":[{"start":{"line":25,"column":25},"end":{"line":25,"column":59}},{"start":{"line":25,"column":63},"end":{"line":25,"column":91}}],"line":25}},"s":{"0":1,"1":1,"2":1,"3":1,"4":1,"5":3,"6":3,"7":0,"8":3,"9":3,"10":0,"11":3,"12":3,"13":3,"14":0,"15":3,"16":0,"17":0,"18":3,"19":0,"20":0,"21":3,"22":3,"23":3,"24":3,"25":0,"26":0,"27":1},"f":{"0":3,"1":3,"2":3,"3":3},"b":{"0":[0,3],"1":[3,3,3],"2":[0,3],"3":[0,3],"4":[0,3],"5":[0,3],"6":[3,0],"7":[3,3]},"_coverageSchema":"1a1c01bbd47fc00a2c39e90264f33305004495a9","hash":"b0c849c5a9dd203014bfb95ddf410a25f944675d","contentHash":"54a648fac6983fbf004694ba4aa25954091007d067e721ecec8807628d72783f"},"/home/hadan326/TDP013/project/back-end/bin/chatServer.js":{"path":"/home/hadan326/TDP013/project/back-end/bin/chatServer.js","statementMap":{"0":{"start":{"line":3,"column":15},"end":{"line":3,"column":68}},"1":{"start":{"line":4,"column":23},"end":{"line":4,"column":32}},"2":{"start":{"line":5,"column":4},"end":{"line":22,"column":6}},"3":{"start":{"line":7,"column":8},"end":{"line":11,"column":10}},"4":{"start":{"line":8,"column":12},"end":{"line":8,"column":45}},"5":{"start":{"line":9,"column":12},"end":{"line":9,"column":70}},"6":{"start":{"line":10,"column":12},"end":{"line":10,"column":29}},"7":{"start":{"line":13,"column":8},"end":{"line":15,"column":10}},"8":{"start":{"line":14,"column":12},"end":{"line":14,"column":53}},"9":{"start":{"line":17,"column":8},"end":{"line":21,"column":10}},"10":{"start":{"line":18,"column":23},"end":{"line":18,"column":50}},"11":{"start":{"line":19,"column":12},"end":{"line":19,"column":42}},"12":{"start":{"line":20,"column":12},"end":{"line":20,"column":66}},"13":{"start":{"line":25,"column":0},"end":{"line":25,"column":36}}},"fnMap":{"0":{"name":"makeChatServer","decl":{"start":{"line":1,"column":9},"end":{"line":1,"column":23}},"loc":{"start":{"line":1,"column":32},"end":{"line":23,"column":1}},"line":1},"1":{"name":"(anonymous_1)","decl":{"start":{"line":5,"column":24},"end":{"line":5,"column":25}},"loc":{"start":{"line":5,"column":34},"end":{"line":22,"column":5}},"line":5},"2":{"name":"(anonymous_2)","decl":{"start":{"line":7,"column":31},"end":{"line":7,"column":32}},"loc":{"start":{"line":7,"column":39},"end":{"line":11,"column":9}},"line":7},"3":{"name":"(anonymous_3)","decl":{"start":{"line":13,"column":34},"end":{"line":13,"column":35}},"loc":{"start":{"line":13,"column":49},"end":{"line":15,"column":9}},"line":13},"4":{"name":"(anonymous_4)","decl":{"start":{"line":17,"column":32},"end":{"line":17,"column":33}},"loc":{"start":{"line":17,"column":37},"end":{"line":21,"column":9}},"line":17}},"branchMap":{},"s":{"0":1,"1":1,"2":1,"3":0,"4":0,"5":0,"6":0,"7":0,"8":0,"9":0,"10":0,"11":0,"12":0,"13":1},"f":{"0":1,"1":0,"2":0,"3":0,"4":0},"b":{},"_coverageSchema":"1a1c01bbd47fc00a2c39e90264f33305004495a9","hash":"b8e50a29ab0afe2905b781c7afbc4df2585d5243","contentHash":"b8beb5f67e79d29a1ccd60c114466c9159ee3b921d4007e42a2b65cf445dac3b"}}